<<<<<<< HEAD
<?xml version="1.0" encoding="UTF-8"?>
<robot generator="Robot 7.2.2 (Python 3.13.2 on win32)" generated="2025-04-15T15:14:13.746742" rpa="false" schemaversion="5">
<suite id="s1" name="TESTS USERS" source="c:\Users\aubin\htdocs\qualite-logiciels-tests\eval\Tests\TESTS_USERS.robot">
<test id="s1-t1" name="Test03 - Modifier un utilisateur" line="30">
<kw name="Ouvrir Orange_HRM" type="SETUP">
<kw name="Open Browser" owner="SeleniumLibrary">
<msg time="2025-04-15T15:14:14.464919" level="INFO">Opening browser 'chrome' to base url 'https://opensource-demo.orangehrmlive.com'.</msg>
<arg>${ORANGE_HRM_URL}</arg>
<arg>browser=chrome</arg>
<arg>options=add_experimental_option('excludeSwitches', ['enable-logging'])</arg>
<doc>Opens a new browser instance to the optional ``url``.</doc>
<status status="PASS" start="2025-04-15T15:14:14.464181" elapsed="3.868787"/>
</kw>
<kw name="Maximize Browser Window" owner="SeleniumLibrary">
<doc>Maximizes current browser window.</doc>
<status status="PASS" start="2025-04-15T15:14:18.333565" elapsed="0.045300"/>
</kw>
<kw name="Set Selenium Implicit Wait" owner="SeleniumLibrary">
<arg>5s</arg>
<doc>Sets the implicit wait value used by Selenium.</doc>
<status status="PASS" start="2025-04-15T15:14:18.379711" elapsed="0.003956"/>
</kw>
<kw name="Input Text" owner="SeleniumLibrary">
<msg time="2025-04-15T15:14:18.385860" level="INFO">Typing text 'Admin' into text field 'xpath=//input[@name="username"]'.</msg>
<arg>xpath=//input[@name="username"]</arg>
<arg>${username}</arg>
<doc>Types the given ``text`` into the text field identified by ``locator``.</doc>
<status status="PASS" start="2025-04-15T15:14:18.384430" elapsed="0.513404"/>
</kw>
<kw name="Input Text" owner="SeleniumLibrary">
<msg time="2025-04-15T15:14:18.898901" level="INFO">Typing text 'admin123' into text field 'xpath=//input[@name="password"]'.</msg>
<arg>xpath=//input[@name="password"]</arg>
<arg>${password}</arg>
<doc>Types the given ``text`` into the text field identified by ``locator``.</doc>
<status status="PASS" start="2025-04-15T15:14:18.898355" elapsed="0.204169"/>
</kw>
<kw name="Click Element" owner="SeleniumLibrary">
<msg time="2025-04-15T15:14:19.103619" level="INFO">Clicking element 'xpath=//button[@type="submit"]'.</msg>
<arg>xpath=//button[@type="submit"]</arg>
<doc>Click the element identified by ``locator``.</doc>
<status status="PASS" start="2025-04-15T15:14:19.103090" elapsed="0.132997"/>
</kw>
<kw name="Get Title" owner="SeleniumLibrary">
<msg time="2025-04-15T15:14:20.225245" level="INFO">${title} = OrangeHRM</msg>
<var>${title}</var>
<doc>Returns the title of the current page.</doc>
<status status="PASS" start="2025-04-15T15:14:19.236691" elapsed="0.989250"/>
</kw>
<kw name="Should Contain" owner="BuiltIn">
<arg>${title}</arg>
<arg>OrangeHRM</arg>
<doc>Fails if ``container`` does not contain ``item`` one or more times.</doc>
<status status="PASS" start="2025-04-15T15:14:20.227065" elapsed="0.000893"/>
</kw>
<doc>Ouverture de Chrome à l'adresse https://opensource-demo.orangehrmlive.com
Connexion à la plateforme OrangeHRM avec les identifiants Admin/admin123</doc>
<status status="PASS" start="2025-04-15T15:14:14.462594" elapsed="5.765702"/>
</kw>
<kw name="Given Aller sur la page admin">
<kw name="Click Element" owner="SeleniumLibrary">
<msg time="2025-04-15T15:14:20.231360" level="INFO">Clicking element 'xpath=//a[.//span[text()='Admin']]'.</msg>
<arg>xpath=//a[.//span[text()='Admin']]</arg>
<doc>Click the element identified by ``locator``.</doc>
<status status="PASS" start="2025-04-15T15:14:20.230712" elapsed="1.188327"/>
</kw>
<status status="PASS" start="2025-04-15T15:14:20.229833" elapsed="1.189715"/>
</kw>
<kw name="When Cliquer sur le bouton de modification de l'utilisateur">
<kw name="Set Variable" owner="BuiltIn">
<msg time="2025-04-15T15:14:21.423620" level="INFO">${text} = Edit User</msg>
<var>${text}</var>
<arg>Edit User</arg>
<doc>Returns the given values which can then be assigned to a variables.</doc>
<status status="PASS" start="2025-04-15T15:14:21.421847" elapsed="0.002316"/>
</kw>
<kw name="Click Element" owner="SeleniumLibrary">
<msg time="2025-04-15T15:14:21.425698" level="INFO">Clicking element 'xpath=(//button[@class='oxd-icon-button oxd-table-cell-action-space' and .//i[contains(@class, 'bi-pencil-fill')]])[1]'.</msg>
<arg>xpath=(//button[@class='oxd-icon-button oxd-table-cell-action-space' and .//i[contains(@class, 'bi-pencil-fill')]])[1]</arg>
<doc>Click the element identified by ``locator``.</doc>
<status status="PASS" start="2025-04-15T15:14:21.424903" elapsed="1.169221"/>
</kw>
<kw name="Wait Until Element Contains" owner="SeleniumLibrary">
<arg>xpath=//h6[@class='oxd-text oxd-text--h6 orangehrm-main-title']</arg>
<arg>${text}</arg>
<doc>Waits until the element ``locator`` contains ``text``.</doc>
<status status="PASS" start="2025-04-15T15:14:22.594672" elapsed="0.375675"/>
</kw>
<status status="PASS" start="2025-04-15T15:14:21.420706" elapsed="1.550079"/>
</kw>
<kw name="When Modifier les informations de l'utilisateur">
<kw name="Set Variable" owner="BuiltIn">
<msg time="2025-04-15T15:14:22.976241" level="INFO">${username} = ff</msg>
<var>${username}</var>
<arg>ff</arg>
<doc>Returns the given values which can then be assigned to a variables.</doc>
<status status="PASS" start="2025-04-15T15:14:22.973865" elapsed="0.003567"/>
</kw>
<kw name="Input Text" owner="SeleniumLibrary">
<msg time="2025-04-15T15:14:22.978791" level="INFO">Typing text 'ff' into text field 'xpath=//label[text()='Username']/ancestor::div[contains(@class, 'oxd-input-group')]//input'.</msg>
<arg>xpath=//label[text()='Username']/ancestor::div[contains(@class, 'oxd-input-group')]//input</arg>
<arg>${username}</arg>
<arg>clear=True</arg>
<doc>Types the given ``text`` into the text field identified by ``locator``.</doc>
<status status="PASS" start="2025-04-15T15:14:22.977977" elapsed="0.242295"/>
</kw>
<status status="PASS" start="2025-04-15T15:14:22.972156" elapsed="0.248815"/>
</kw>
<kw name="And Cliquer sur le bouton Enregistrer">
<kw name="Scroll Element Into View" owner="SeleniumLibrary">
<arg>xpath=//button[@type='submit']</arg>
<doc>Scrolls the element identified by ``locator`` into view.</doc>
<status status="PASS" start="2025-04-15T15:14:23.225004" elapsed="0.328066"/>
</kw>
<kw name="Click Element" owner="SeleniumLibrary">
<msg time="2025-04-15T15:14:23.554113" level="INFO">Clicking element 'xpath=//button[@type='submit']'.</msg>
<arg>xpath=//button[@type='submit']</arg>
<doc>Click the element identified by ``locator``.</doc>
<status status="PASS" start="2025-04-15T15:14:23.553650" elapsed="0.130202"/>
</kw>
<status status="PASS" start="2025-04-15T15:14:23.222506" elapsed="0.462035"/>
</kw>
<kw name="Fermer Orange_HRM" type="TEARDOWN">
<kw name="Sleep" owner="BuiltIn">
<msg time="2025-04-15T15:14:26.688403" level="INFO">Slept 3 seconds.</msg>
<arg>3</arg>
<doc>Pauses the test executed for the given time.</doc>
<status status="PASS" start="2025-04-15T15:14:23.687095" elapsed="3.001923"/>
</kw>
<kw name="Close Browser" owner="SeleniumLibrary">
<doc>Closes the current browser.</doc>
<status status="PASS" start="2025-04-15T15:14:26.689914" elapsed="2.395617"/>
</kw>
<doc>Fermeture du navigateur
On laisse un peu de temps pour visualiser l'écran final</doc>
<status status="PASS" start="2025-04-15T15:14:23.686051" elapsed="5.399872"/>
</kw>
<tag>tnr</tag>
<status status="PASS" start="2025-04-15T15:14:14.460288" elapsed="14.626379"/>
</test>
<status status="PASS" start="2025-04-15T15:14:13.758884" elapsed="15.332565"/>
</suite>
<statistics>
<total>
<stat pass="1" fail="0" skip="0">All Tests</stat>
</total>
<tag>
<stat pass="1" fail="0" skip="0">tnr</stat>
</tag>
<suite>
<stat name="TESTS USERS" id="s1" pass="1" fail="0" skip="0">TESTS USERS</stat>
</suite>
</statistics>
<errors>
</errors>
</robot>
=======
<?xml version="1.0" encoding="UTF-8"?>
<robot generator="Robot 7.2.2 (Python 3.12.1 on win32)" generated="2025-04-15T15:26:56.454036" rpa="false" schemaversion="5">
<suite id="s1" name="TESTS USERS" source="c:\Users\leane\Documents\MDS\B3\tests\BeginnersGuide\Tests\TESTS_USERS.robot">
<test id="s1-t1" name="Test01 Ajouter un utilisateur" line="25">
<kw name="Ouvrir Orange_HRM" type="SETUP">
<kw name="Open Browser" owner="SeleniumLibrary">
<msg time="2025-04-15T15:26:56.747128" level="INFO">Opening browser 'chrome' to base url 'https://opensource-demo.orangehrmlive.com'.</msg>
<arg>${ORANGE_HRM_URL}</arg>
<arg>browser=chrome</arg>
<arg>options=add_experimental_option('excludeSwitches', ['enable-logging'])</arg>
<doc>Opens a new browser instance to the optional ``url``.</doc>
<status status="PASS" start="2025-04-15T15:26:56.747128" elapsed="2.642794"/>
</kw>
<kw name="Maximize Browser Window" owner="SeleniumLibrary">
<doc>Maximizes current browser window.</doc>
<status status="PASS" start="2025-04-15T15:26:59.389922" elapsed="0.035053"/>
</kw>
<kw name="Set Selenium Implicit Wait" owner="SeleniumLibrary">
<arg>5s</arg>
<doc>Sets the implicit wait value used by Selenium.</doc>
<status status="PASS" start="2025-04-15T15:26:59.424975" elapsed="0.001004"/>
</kw>
<kw name="Input Text" owner="SeleniumLibrary">
<msg time="2025-04-15T15:26:59.426976" level="INFO">Typing text 'Admin' into text field 'xpath=//input[@name="username"]'.</msg>
<arg>xpath=//input[@name="username"]</arg>
<arg>${username}</arg>
<doc>Types the given ``text`` into the text field identified by ``locator``.</doc>
<status status="PASS" start="2025-04-15T15:26:59.426976" elapsed="0.270974"/>
</kw>
<kw name="Input Text" owner="SeleniumLibrary">
<msg time="2025-04-15T15:26:59.698947" level="INFO">Typing text 'admin123' into text field 'xpath=//input[@name="password"]'.</msg>
<arg>xpath=//input[@name="password"]</arg>
<arg>${password}</arg>
<doc>Types the given ``text`` into the text field identified by ``locator``.</doc>
<status status="PASS" start="2025-04-15T15:26:59.698947" elapsed="0.072134"/>
</kw>
<kw name="Click Element" owner="SeleniumLibrary">
<msg time="2025-04-15T15:26:59.771081" level="INFO">Clicking element 'xpath=//button[@type="submit"]'.</msg>
<arg>xpath=//button[@type="submit"]</arg>
<doc>Click the element identified by ``locator``.</doc>
<status status="PASS" start="2025-04-15T15:26:59.771081" elapsed="0.045828"/>
</kw>
<kw name="Get Title" owner="SeleniumLibrary">
<msg time="2025-04-15T15:27:00.597518" level="INFO">${title} = OrangeHRM</msg>
<var>${title}</var>
<doc>Returns the title of the current page.</doc>
<status status="PASS" start="2025-04-15T15:26:59.816909" elapsed="0.781614"/>
</kw>
<kw name="Should Contain" owner="BuiltIn">
<arg>${title}</arg>
<arg>OrangeHRM</arg>
<doc>Fails if ``container`` does not contain ``item`` one or more times.</doc>
<status status="PASS" start="2025-04-15T15:27:00.598523" elapsed="0.000000"/>
</kw>
<doc>Ouverture de Chrome à l'adresse https://opensource-demo.orangehrmlive.com
Connexion à la plateforme OrangeHRM avec les identifiants Admin/admin123</doc>
<status status="PASS" start="2025-04-15T15:26:56.746114" elapsed="3.852409"/>
</kw>
<kw name="Given Aller sur la page Admin">
<kw name="Click Element" owner="SeleniumLibrary">
<msg time="2025-04-15T15:27:00.600520" level="INFO">Clicking element 'xpath=//a[.//span[text()='Admin']]'.</msg>
<arg>xpath=//a[.//span[text()='Admin']]</arg>
<doc>Click the element identified by ``locator``.</doc>
<status status="PASS" start="2025-04-15T15:27:00.599520" elapsed="1.060771"/>
</kw>
<status status="PASS" start="2025-04-15T15:27:00.599520" elapsed="1.060771"/>
</kw>
<kw name="When Clicker sur le bouton &quot;+ Add&quot;">
<kw name="Click Element" owner="SeleniumLibrary">
<msg time="2025-04-15T15:27:01.661283" level="INFO">Clicking element 'xpath=//button[@type='button' and @class='oxd-button oxd-button--medium oxd-button--secondary']'.</msg>
<arg>xpath=//button[@type='button' and @class='oxd-button oxd-button--medium oxd-button--secondary']</arg>
<doc>Click the element identified by ``locator``.</doc>
<status status="PASS" start="2025-04-15T15:27:01.661283" elapsed="0.565167"/>
</kw>
<status status="PASS" start="2025-04-15T15:27:01.661283" elapsed="0.565167"/>
</kw>
<kw name="And Remplir le formulaire d'ajout d'utilisateur">
<kw name="Click Element" owner="SeleniumLibrary">
<msg time="2025-04-15T15:27:02.227451" level="INFO">Clicking element 'xpath=//label[text()='User Role']/following::div[contains(@class, 'oxd-select-text')]'.</msg>
<arg>xpath=//label[text()='User Role']/following::div[contains(@class, 'oxd-select-text')]</arg>
<doc>Click the element identified by ``locator``.</doc>
<status status="PASS" start="2025-04-15T15:27:02.227451" elapsed="0.256289"/>
</kw>
<kw name="Wait Until Element Is Visible" owner="SeleniumLibrary">
<arg>xpath=//div[@role='option' and contains(normalize-space(), '${role}')]</arg>
<arg>timeout=10s</arg>
<doc>Waits until the element ``locator`` is visible.</doc>
<status status="PASS" start="2025-04-15T15:27:02.483740" elapsed="0.022672"/>
</kw>
<kw name="Click Element" owner="SeleniumLibrary">
<msg time="2025-04-15T15:27:02.507465" level="INFO">Clicking element 'xpath=//div[@role='option' and contains(normalize-space(), 'Admin')]'.</msg>
<arg>xpath=//div[@role='option' and contains(normalize-space(), '${role}')]</arg>
<doc>Click the element identified by ``locator``.</doc>
<status status="PASS" start="2025-04-15T15:27:02.507465" elapsed="0.045252"/>
</kw>
<kw name="Input Text" owner="SeleniumLibrary">
<msg time="2025-04-15T15:27:02.552717" level="INFO">Typing text 'James Butler' into text field 'xpath=//label[text()='Employee Name']/following::input[1]'.</msg>
<arg>xpath=//label[text()='Employee Name']/following::input[1]</arg>
<arg>${employee_name}</arg>
<doc>Types the given ``text`` into the text field identified by ``locator``.</doc>
<status status="PASS" start="2025-04-15T15:27:02.552717" elapsed="0.083307"/>
</kw>
<kw name="Wait Until Element Is Visible" owner="SeleniumLibrary">
<arg>xpath=//div[@role='option' and contains(normalize-space(), '${employee_name}')]</arg>
<arg>timeout=10s</arg>
<doc>Waits until the element ``locator`` is visible.</doc>
<status status="PASS" start="2025-04-15T15:27:02.636024" elapsed="1.014605"/>
</kw>
<kw name="Click Element" owner="SeleniumLibrary">
<msg time="2025-04-15T15:27:03.650629" level="INFO">Clicking element 'xpath=//div[@role='option' and contains(normalize-space(), 'James Butler')]'.</msg>
<arg>xpath=//div[@role='option' and contains(normalize-space(), '${employee_name}')]</arg>
<doc>Click the element identified by ``locator``.</doc>
<status status="PASS" start="2025-04-15T15:27:03.650629" elapsed="0.044099"/>
</kw>
<kw name="Click Element" owner="SeleniumLibrary">
<msg time="2025-04-15T15:27:03.695937" level="INFO">Clicking element 'xpath=//label[text()='Status']/following::div[contains(@class, 'oxd-select-text')]'.</msg>
<arg>xpath=//label[text()='Status']/following::div[contains(@class, 'oxd-select-text')]</arg>
<doc>Click the element identified by ``locator``.</doc>
<status status="PASS" start="2025-04-15T15:27:03.695937" elapsed="0.041747"/>
</kw>
<kw name="Wait Until Element Is Visible" owner="SeleniumLibrary">
<arg>xpath=//div[@role='option' and contains(normalize-space(), 'Enabled')]</arg>
<arg>timeout=10s</arg>
<doc>Waits until the element ``locator`` is visible.</doc>
<status status="PASS" start="2025-04-15T15:27:03.737684" elapsed="0.015104"/>
</kw>
<kw name="Click Element" owner="SeleniumLibrary">
<msg time="2025-04-15T15:27:03.753891" level="INFO">Clicking element 'xpath=//div[@role='option' and contains(normalize-space(), 'Enabled')]'.</msg>
<arg>xpath=//div[@role='option' and contains(normalize-space(), 'Enabled')]</arg>
<doc>Click the element identified by ``locator``.</doc>
<status status="PASS" start="2025-04-15T15:27:03.752788" elapsed="0.044090"/>
</kw>
<kw name="Input Text" owner="SeleniumLibrary">
<msg time="2025-04-15T15:27:03.796878" level="INFO">Typing text 'James' into text field 'xpath=//label[text()='Username']/following::input[1]'.</msg>
<arg>xpath=//label[text()='Username']/following::input[1]</arg>
<arg>${username1}</arg>
<doc>Types the given ``text`` into the text field identified by ``locator``.</doc>
<status status="PASS" start="2025-04-15T15:27:03.796878" elapsed="0.061859"/>
</kw>
<kw name="Input Text" owner="SeleniumLibrary">
<msg time="2025-04-15T15:27:03.860085" level="INFO">Typing text 'laplusbelle49' into text field 'xpath=//label[text()='Password']/following::input[1]'.</msg>
<arg>xpath=//label[text()='Password']/following::input[1]</arg>
<arg>${password1}</arg>
<doc>Types the given ``text`` into the text field identified by ``locator``.</doc>
<status status="PASS" start="2025-04-15T15:27:03.858737" elapsed="0.069732"/>
</kw>
<kw name="Input Text" owner="SeleniumLibrary">
<msg time="2025-04-15T15:27:03.929467" level="INFO">Typing text 'laplusbelle49' into text field 'xpath=//label[text()='Confirm Password']/following::input[1]'.</msg>
<arg>xpath=//label[text()='Confirm Password']/following::input[1]</arg>
<arg>${password1}</arg>
<doc>Types the given ``text`` into the text field identified by ``locator``.</doc>
<status status="PASS" start="2025-04-15T15:27:03.928469" elapsed="0.064041"/>
</kw>
<kw name="Click Element" owner="SeleniumLibrary">
<msg time="2025-04-15T15:27:03.993014" level="INFO">Clicking element 'xpath=//button[@type='submit' and text()=' Save ']'.</msg>
<arg>xpath=//button[@type='submit' and text()=' Save ']</arg>
<doc>Click the element identified by ``locator``.</doc>
<status status="PASS" start="2025-04-15T15:27:03.993014" elapsed="0.045095"/>
</kw>
<arg>${username1}</arg>
<arg>${password1}</arg>
<arg>${role}</arg>
<arg>${status}</arg>
<arg>${employee_name}</arg>
<status status="PASS" start="2025-04-15T15:27:02.227451" elapsed="1.810658"/>
</kw>
<kw name="Then Vérifier que l'utilisateur est bien ajouté">
<kw name="Wait Until Page Contains Element" owner="SeleniumLibrary">
<msg time="2025-04-15T15:27:14.615978" level="INFO" html="true">&lt;/td&gt;&lt;/tr&gt;&lt;tr&gt;&lt;td colspan="3"&gt;&lt;a href="selenium-screenshot-7.png"&gt;&lt;img src="selenium-screenshot-7.png" width="800px"&gt;&lt;/a&gt;</msg>
<msg time="2025-04-15T15:27:14.615978" level="FAIL">Element 'xpath=//div[contains(text(), 'James')]' did not appear in 10 seconds.</msg>
<arg>xpath=//div[contains(text(), '${username1}')]</arg>
<arg>timeout=10s</arg>
<doc>Waits until the element ``locator`` appears on the current page.</doc>
<status status="FAIL" start="2025-04-15T15:27:04.039111" elapsed="10.579871">Element 'xpath=//div[contains(text(), 'James')]' did not appear in 10 seconds.</status>
</kw>
<kw name="Page Should Contain Element" owner="SeleniumLibrary">
<arg>xpath=//div[contains(text(), '${username1}')]</arg>
<doc>Verifies that element ``locator`` is found on the current page.</doc>
<status status="NOT RUN" start="2025-04-15T15:27:14.618982" elapsed="0.000914"/>
</kw>
<arg>${username1}</arg>
<status status="FAIL" start="2025-04-15T15:27:04.038109" elapsed="10.581787">Element 'xpath=//div[contains(text(), 'James')]' did not appear in 10 seconds.</status>
</kw>
<kw name="Fermer Orange_HRM" type="TEARDOWN">
<kw name="Sleep" owner="BuiltIn">
<msg time="2025-04-15T15:27:17.622140" level="INFO">Slept 3 seconds.</msg>
<arg>3</arg>
<doc>Pauses the test executed for the given time.</doc>
<status status="PASS" start="2025-04-15T15:27:14.620896" elapsed="3.001849"/>
</kw>
<kw name="Close Browser" owner="SeleniumLibrary">
<doc>Closes the current browser.</doc>
<status status="PASS" start="2025-04-15T15:27:17.622745" elapsed="2.119335"/>
</kw>
<doc>Fermeture du navigateur
On laisse un peu de temps pour visualiser l'écran final</doc>
<status status="PASS" start="2025-04-15T15:27:14.619896" elapsed="5.123328"/>
</kw>
<doc>Ajout d'un utilisateur 

Cliquer sur le bouton "+ Add" dans la section "User Management" 

Remplir le formulaire d'ajout d'utilisateur 

Vérifier que l'utilisateur est bien ajouté 
</doc>
<tag>tnr</tag>
<status status="FAIL" start="2025-04-15T15:26:56.744887" elapsed="22.998337">Element 'xpath=//div[contains(text(), 'James')]' did not appear in 10 seconds.</status>
</test>
<status status="FAIL" start="2025-04-15T15:26:56.458427" elapsed="23.288809"/>
</suite>
<statistics>
<total>
<stat pass="0" fail="1" skip="0">All Tests</stat>
</total>
<tag>
<stat pass="0" fail="1" skip="0">tnr</stat>
</tag>
<suite>
<stat name="TESTS USERS" id="s1" pass="0" fail="1" skip="0">TESTS USERS</stat>
</suite>
</statistics>
<errors>
</errors>
</robot>
>>>>>>> ef686291f1a536892a06e5ea146e512444571289
