<?xml version="1.0" encoding="UTF-8"?>
<robot generator="Robot 7.2.2 (Python 3.13.2 on win32)" generated="2025-04-15T16:31:44.894005" rpa="false" schemaversion="5">
<suite id="s1" name="TESTS USERS" source="c:\Users\aubin\htdocs\qualite-logiciels-tests\eval\Tests\TESTS_USERS.robot">
<test id="s1-t1" name="Test01 Ajouter un utilisateur" line="25">
<kw name="Ouvrir Orange_HRM" type="SETUP">
<kw name="Open Browser" owner="SeleniumLibrary">
<msg time="2025-04-15T16:31:45.793334" level="INFO">Opening browser 'chrome' to base url 'https://opensource-demo.orangehrmlive.com'.</msg>
<arg>${ORANGE_HRM_URL}</arg>
<arg>browser=chrome</arg>
<arg>options=add_experimental_option('excludeSwitches', ['enable-logging'])</arg>
<doc>Opens a new browser instance to the optional ``url``.</doc>
<status status="PASS" start="2025-04-15T16:31:45.792125" elapsed="4.448098"/>
</kw>
<kw name="Maximize Browser Window" owner="SeleniumLibrary">
<doc>Maximizes current browser window.</doc>
<status status="PASS" start="2025-04-15T16:31:50.241116" elapsed="0.041895"/>
</kw>
<kw name="Set Selenium Implicit Wait" owner="SeleniumLibrary">
<arg>5s</arg>
<doc>Sets the implicit wait value used by Selenium.</doc>
<status status="PASS" start="2025-04-15T16:31:50.283706" elapsed="0.002607"/>
</kw>
<kw name="Input Text" owner="SeleniumLibrary">
<msg time="2025-04-15T16:31:50.289304" level="INFO">Typing text 'Admin' into text field 'xpath=//input[@name="username"]'.</msg>
<arg>xpath=//input[@name="username"]</arg>
<arg>${username}</arg>
<doc>Types the given ``text`` into the text field identified by ``locator``.</doc>
<status status="PASS" start="2025-04-15T16:31:50.286944" elapsed="0.566818"/>
</kw>
<kw name="Input Text" owner="SeleniumLibrary">
<msg time="2025-04-15T16:31:50.855089" level="INFO">Typing text 'admin123' into text field 'xpath=//input[@name="password"]'.</msg>
<arg>xpath=//input[@name="password"]</arg>
<arg>${password}</arg>
<doc>Types the given ``text`` into the text field identified by ``locator``.</doc>
<status status="PASS" start="2025-04-15T16:31:50.854362" elapsed="0.216644"/>
</kw>
<kw name="Click Element" owner="SeleniumLibrary">
<msg time="2025-04-15T16:31:51.072241" level="INFO">Clicking element 'xpath=//button[@type="submit"]'.</msg>
<arg>xpath=//button[@type="submit"]</arg>
<doc>Click the element identified by ``locator``.</doc>
<status status="PASS" start="2025-04-15T16:31:51.071651" elapsed="1.362740"/>
</kw>
<kw name="Get Title" owner="SeleniumLibrary">
<msg time="2025-04-15T16:31:52.453559" level="INFO">${title} = OrangeHRM</msg>
<var>${title}</var>
<doc>Returns the title of the current page.</doc>
<status status="PASS" start="2025-04-15T16:31:52.435159" elapsed="0.018780"/>
</kw>
<kw name="Should Contain" owner="BuiltIn">
<arg>${title}</arg>
<arg>OrangeHRM</arg>
<doc>Fails if ``container`` does not contain ``item`` one or more times.</doc>
<status status="PASS" start="2025-04-15T16:31:52.454616" elapsed="0.000501"/>
</kw>
<doc>Ouverture de Chrome à l'adresse https://opensource-demo.orangehrmlive.com
Connexion à la plateforme OrangeHRM avec les identifiants Admin/admin123</doc>
<status status="PASS" start="2025-04-15T16:31:45.789398" elapsed="6.665992"/>
</kw>
<kw name="Given Aller sur la page Admin">
<kw name="Click Element" owner="SeleniumLibrary">
<msg time="2025-04-15T16:31:52.459302" level="INFO">Clicking element 'xpath=//a[.//span[text()='Admin']]'.</msg>
<arg>xpath=//a[.//span[text()='Admin']]</arg>
<doc>Click the element identified by ``locator``.</doc>
<status status="PASS" start="2025-04-15T16:31:52.458198" elapsed="1.904731"/>
</kw>
<status status="PASS" start="2025-04-15T16:31:52.456932" elapsed="1.907062"/>
</kw>
<kw name="When">
<msg time="2025-04-15T16:31:54.370916" level="FAIL">No keyword with name 'When' found.</msg>
<arg>Clicker sur le bouton "+ Add"</arg>
<status status="FAIL" start="2025-04-15T16:31:54.370312" elapsed="0.002681">No keyword with name 'When' found.</status>
</kw>
<kw name="And">
<arg>Remplir le formulaire d'ajout d'utilisateur</arg>
<arg>${username1}</arg>
<arg>${password1}</arg>
<arg>${role}</arg>
<arg>${status}</arg>
<arg>${employee_name}</arg>
<status status="NOT RUN" start="2025-04-15T16:31:54.375259" elapsed="0.000498"/>
</kw>
<kw name="Then">
<arg>Vérifier que l'utilisateur est bien ajouté</arg>
<arg>${username1}</arg>
<status status="NOT RUN" start="2025-04-15T16:31:54.380312" elapsed="0.000585"/>
</kw>
<kw name="Fermer Orange_HRM" type="TEARDOWN">
<kw name="Sleep" owner="BuiltIn">
<msg time="2025-04-15T16:31:57.386100" level="INFO">Slept 3 seconds.</msg>
<arg>3</arg>
<doc>Pauses the test executed for the given time.</doc>
<status status="PASS" start="2025-04-15T16:31:54.384636" elapsed="3.002223"/>
</kw>
<kw name="Close Browser" owner="SeleniumLibrary">
<doc>Closes the current browser.</doc>
<status status="PASS" start="2025-04-15T16:31:57.387412" elapsed="2.585341"/>
</kw>
<doc>Fermeture du navigateur
On laisse un peu de temps pour visualiser l'écran final</doc>
<status status="PASS" start="2025-04-15T16:31:54.382917" elapsed="5.590404"/>
</kw>
<doc>Ajout d'un utilisateur 

Cliquer sur le bouton "+ Add" dans la section "User Management" 

Remplir le formulaire d'ajout d'utilisateur 

Vérifier que l'utilisateur est bien ajouté 
</doc>
<tag>tnr</tag>
<status status="FAIL" start="2025-04-15T16:31:45.787006" elapsed="14.187035">No keyword with name 'When' found.</status>
</test>
<status status="FAIL" start="2025-04-15T16:31:44.904309" elapsed="15.075779"/>
</suite>
<statistics>
<total>
<stat pass="0" fail="1" skip="0">All Tests</stat>
</total>
<tag>
<stat pass="0" fail="1" skip="0">tnr</stat>
</tag>
<suite>
<stat name="TESTS USERS" id="s1" pass="0" fail="1" skip="0">TESTS USERS</stat>
</suite>
</statistics>
<errors>
</errors>
</robot>
