<?xml version="1.0" encoding="UTF-8"?>
<robot generator="Robot 7.2.2 (Python 3.13.2 on win32)" generated="2025-04-15T16:06:46.123778" rpa="false" schemaversion="5">
<suite id="s1" name="TESTS USERS" source="c:\Users\aubin\htdocs\qualite-logiciels-tests\eval\Tests\TESTS_USERS.robot">
<test id="s1-t1" name="Test03 - Modifier un utilisateur" line="51">
<kw name="Ouvrir Orange_HRM" type="SETUP">
<kw name="Open Browser" owner="SeleniumLibrary">
<msg time="2025-04-15T16:06:46.910545" level="INFO">Opening browser 'chrome' to base url 'https://opensource-demo.orangehrmlive.com'.</msg>
<arg>${ORANGE_HRM_URL}</arg>
<arg>browser=chrome</arg>
<arg>options=add_experimental_option('excludeSwitches', ['enable-logging'])</arg>
<doc>Opens a new browser instance to the optional ``url``.</doc>
<status status="PASS" start="2025-04-15T16:06:46.909789" elapsed="4.362371"/>
</kw>
<kw name="Maximize Browser Window" owner="SeleniumLibrary">
<doc>Maximizes current browser window.</doc>
<status status="PASS" start="2025-04-15T16:06:51.272756" elapsed="0.037375"/>
</kw>
<kw name="Set Selenium Implicit Wait" owner="SeleniumLibrary">
<arg>5s</arg>
<doc>Sets the implicit wait value used by Selenium.</doc>
<status status="PASS" start="2025-04-15T16:06:51.310699" elapsed="0.003028"/>
</kw>
<kw name="Input Text" owner="SeleniumLibrary">
<msg time="2025-04-15T16:06:51.316036" level="INFO">Typing text 'Admin' into text field 'xpath=//input[@name="username"]'.</msg>
<arg>xpath=//input[@name="username"]</arg>
<arg>${username}</arg>
<doc>Types the given ``text`` into the text field identified by ``locator``.</doc>
<status status="PASS" start="2025-04-15T16:06:51.314449" elapsed="0.546019"/>
</kw>
<kw name="Input Text" owner="SeleniumLibrary">
<msg time="2025-04-15T16:06:51.861588" level="INFO">Typing text 'admin123' into text field 'xpath=//input[@name="password"]'.</msg>
<arg>xpath=//input[@name="password"]</arg>
<arg>${password}</arg>
<doc>Types the given ``text`` into the text field identified by ``locator``.</doc>
<status status="PASS" start="2025-04-15T16:06:51.860932" elapsed="0.218904"/>
</kw>
<kw name="Click Element" owner="SeleniumLibrary">
<msg time="2025-04-15T16:06:52.081573" level="INFO">Clicking element 'xpath=//button[@type="submit"]'.</msg>
<arg>xpath=//button[@type="submit"]</arg>
<doc>Click the element identified by ``locator``.</doc>
<status status="PASS" start="2025-04-15T16:06:52.080676" elapsed="0.126220"/>
</kw>
<kw name="Get Title" owner="SeleniumLibrary">
<msg time="2025-04-15T16:06:53.178018" level="INFO">${title} = OrangeHRM</msg>
<var>${title}</var>
<doc>Returns the title of the current page.</doc>
<status status="PASS" start="2025-04-15T16:06:52.207382" elapsed="0.971084"/>
</kw>
<kw name="Should Contain" owner="BuiltIn">
<arg>${title}</arg>
<arg>OrangeHRM</arg>
<doc>Fails if ``container`` does not contain ``item`` one or more times.</doc>
<status status="PASS" start="2025-04-15T16:06:53.179381" elapsed="0.001650"/>
</kw>
<doc>Ouverture de Chrome à l'adresse https://opensource-demo.orangehrmlive.com
Connexion à la plateforme OrangeHRM avec les identifiants Admin/admin123</doc>
<status status="PASS" start="2025-04-15T16:06:46.908294" elapsed="6.273708"/>
</kw>
<kw name="Given Aller sur la page admin">
<kw name="Click Element" owner="SeleniumLibrary">
<msg time="2025-04-15T16:06:53.188270" level="INFO">Clicking element 'xpath=//a[.//span[text()='Admin']]'.</msg>
<arg>xpath=//a[.//span[text()='Admin']]</arg>
<doc>Click the element identified by ``locator``.</doc>
<status status="PASS" start="2025-04-15T16:06:53.187622" elapsed="1.472919"/>
</kw>
<status status="PASS" start="2025-04-15T16:06:53.186333" elapsed="1.474669"/>
</kw>
<kw name="When Remplir le formulaire de recherche">
<kw name="Input Text" owner="SeleniumLibrary">
<msg time="2025-04-15T16:06:54.666426" level="INFO">Typing text 'James' into text field 'xpath=//label[text()='Username']/ancestor::div[contains(@class, 'oxd-input-group')]//input'.</msg>
<arg>xpath=//label[text()='Username']/ancestor::div[contains(@class, 'oxd-input-group')]//input</arg>
<arg>${username}</arg>
<doc>Types the given ``text`` into the text field identified by ``locator``.</doc>
<status status="PASS" start="2025-04-15T16:06:54.664438" elapsed="0.607827"/>
</kw>
<kw name="Click Element" owner="SeleniumLibrary">
<msg time="2025-04-15T16:06:55.273354" level="INFO">Clicking element 'xpath=//label[text()='User Role']/ancestor::div[contains(@class, 'oxd-input-group')]//div[contains(@class, 'oxd-select-text')]'.</msg>
<arg>xpath=//label[text()='User Role']/ancestor::div[contains(@class, 'oxd-input-group')]//div[contains(@class, 'oxd-select-text')]</arg>
<doc>Click the element identified by ``locator``.</doc>
<status status="PASS" start="2025-04-15T16:06:55.272872" elapsed="0.231213"/>
</kw>
<kw name="Click Element" owner="SeleniumLibrary">
<msg time="2025-04-15T16:06:55.505774" level="INFO">Clicking element 'xpath=//div[@role='option']//span[text()='Admin']'.</msg>
<arg>xpath=//div[@role='option']//span[text()='${role}']</arg>
<doc>Click the element identified by ``locator``.</doc>
<status status="PASS" start="2025-04-15T16:06:55.504798" elapsed="0.140552"/>
</kw>
<kw name="Click Element" owner="SeleniumLibrary">
<msg time="2025-04-15T16:06:55.646581" level="INFO">Clicking element 'xpath=//label[text()='Status']/ancestor::div[contains(@class, 'oxd-input-group')]//div[contains(@class, 'oxd-select-text')]'.</msg>
<arg>xpath=//label[text()='Status']/ancestor::div[contains(@class, 'oxd-input-group')]//div[contains(@class, 'oxd-select-text')]</arg>
<doc>Click the element identified by ``locator``.</doc>
<status status="PASS" start="2025-04-15T16:06:55.645985" elapsed="0.126918"/>
</kw>
<kw name="Click Element" owner="SeleniumLibrary">
<msg time="2025-04-15T16:06:55.773990" level="INFO">Clicking element 'xpath=//div[@role='listbox']//span[text()='Enabled']'.</msg>
<arg>xpath=//div[@role='listbox']//span[text()='${status}']</arg>
<doc>Click the element identified by ``locator``.</doc>
<status status="PASS" start="2025-04-15T16:06:55.773413" elapsed="0.120195"/>
</kw>
<arg>${username1}</arg>
<arg>${role}</arg>
<arg>${status}</arg>
<status status="PASS" start="2025-04-15T16:06:54.662363" elapsed="1.231693"/>
</kw>
<kw name="And Cliquer sur le bouton Search">
<kw name="Click Element" owner="SeleniumLibrary">
<msg time="2025-04-15T16:06:55.897043" level="INFO">Clicking element 'xpath=//button[@type='submit']'.</msg>
<arg>xpath=//button[@type='submit']</arg>
<doc>Click the element identified by ``locator``.</doc>
<status status="PASS" start="2025-04-15T16:06:55.896120" elapsed="0.147510"/>
</kw>
<status status="PASS" start="2025-04-15T16:06:55.895217" elapsed="0.148833"/>
</kw>
<kw name="And Cliquer sur le bouton de modification de l'utilisateur">
<kw name="Set Variable" owner="BuiltIn">
<msg time="2025-04-15T16:06:56.047307" level="INFO">${text} = Edit User</msg>
<var>${text}</var>
<arg>Edit User</arg>
<doc>Returns the given values which can then be assigned to a variables.</doc>
<status status="PASS" start="2025-04-15T16:06:56.046413" elapsed="0.001444"/>
</kw>
<kw name="Click Element" owner="SeleniumLibrary">
<msg time="2025-04-15T16:06:56.049593" level="INFO">Clicking element 'xpath=(//button[@class='oxd-icon-button oxd-table-cell-action-space' and .//i[contains(@class, 'bi-pencil-fill')]])[1]'.</msg>
<arg>xpath=(//button[@class='oxd-icon-button oxd-table-cell-action-space' and .//i[contains(@class, 'bi-pencil-fill')]])[1]</arg>
<doc>Click the element identified by ``locator``.</doc>
<status status="PASS" start="2025-04-15T16:06:56.048732" elapsed="0.877266"/>
</kw>
<kw name="Wait Until Element Contains" owner="SeleniumLibrary">
<arg>xpath=//h6[@class='oxd-text oxd-text--h6 orangehrm-main-title']</arg>
<arg>${text}</arg>
<doc>Waits until the element ``locator`` contains ``text``.</doc>
<status status="PASS" start="2025-04-15T16:06:56.926528" elapsed="0.399699"/>
</kw>
<status status="PASS" start="2025-04-15T16:06:56.045411" elapsed="1.281251"/>
</kw>
<kw name="When Modifier les informations de l'utilisateur">
<kw name="Input Text" owner="SeleniumLibrary">
<msg time="2025-04-15T16:06:57.330743" level="INFO">Typing text 'JamesB' into text field 'xpath=//label[text()='Username']/ancestor::div[contains(@class, 'oxd-input-group')]//input'.</msg>
<arg>xpath=//label[text()='Username']/ancestor::div[contains(@class, 'oxd-input-group')]//input</arg>
<arg>${newUsername}</arg>
<arg>clear=True</arg>
<doc>Types the given ``text`` into the text field identified by ``locator``.</doc>
<status status="PASS" start="2025-04-15T16:06:57.329721" elapsed="0.223636"/>
</kw>
<arg>${newUsername}</arg>
<status status="PASS" start="2025-04-15T16:06:57.328080" elapsed="0.225986"/>
</kw>
<kw name="And Cliquer sur le bouton Enregistrer">
<kw name="Scroll Element Into View" owner="SeleniumLibrary">
<arg>xpath=//button[@type='submit']</arg>
<doc>Scrolls the element identified by ``locator`` into view.</doc>
<status status="PASS" start="2025-04-15T16:06:57.557483" elapsed="0.309155"/>
</kw>
<kw name="Click Element" owner="SeleniumLibrary">
<msg time="2025-04-15T16:06:57.867707" level="INFO">Clicking element 'xpath=//button[@type='submit']'.</msg>
<arg>xpath=//button[@type='submit']</arg>
<doc>Click the element identified by ``locator``.</doc>
<status status="PASS" start="2025-04-15T16:06:57.867224" elapsed="0.131724"/>
</kw>
<status status="PASS" start="2025-04-15T16:06:57.555801" elapsed="0.443865"/>
</kw>
<kw name="Then Vérifier que l'utilisateur a été modifié avec succès">
<kw name="Wait Until Element Contains" owner="SeleniumLibrary">
<msg time="2025-04-15T16:07:03.426758" level="INFO" html="true">&lt;/td&gt;&lt;/tr&gt;&lt;tr&gt;&lt;td colspan="3"&gt;&lt;a href="selenium-screenshot-10.png"&gt;&lt;img src="selenium-screenshot-10.png" width="800px"&gt;&lt;/a&gt;</msg>
<msg time="2025-04-15T16:07:03.427903" level="FAIL">Element '//span[@class='oxd-text oxd-text--span']' did not get text 'Successfully Updated' in 5 seconds.</msg>
<arg>//span[@class='oxd-text oxd-text--span']</arg>
<arg>${message}</arg>
<doc>Waits until the element ``locator`` contains ``text``.</doc>
<status status="FAIL" start="2025-04-15T16:06:58.002303" elapsed="5.438635">Element '//span[@class='oxd-text oxd-text--span']' did not get text 'Successfully Updated' in 5 seconds.</status>
</kw>
<arg>Successfully Updated</arg>
<status status="FAIL" start="2025-04-15T16:06:58.001049" elapsed="5.440835">Element '//span[@class='oxd-text oxd-text--span']' did not get text 'Successfully Updated' in 5 seconds.</status>
</kw>
<kw name="Fermer Orange_HRM" type="TEARDOWN">
<kw name="Sleep" owner="BuiltIn">
<msg time="2025-04-15T16:07:06.446350" level="INFO">Slept 3 seconds.</msg>
<arg>3</arg>
<doc>Pauses the test executed for the given time.</doc>
<status status="PASS" start="2025-04-15T16:07:03.444730" elapsed="3.002345"/>
</kw>
<kw name="Close Browser" owner="SeleniumLibrary">
<doc>Closes the current browser.</doc>
<status status="PASS" start="2025-04-15T16:07:06.448130" elapsed="2.529792"/>
</kw>
<doc>Fermeture du navigateur
On laisse un peu de temps pour visualiser l'écran final</doc>
<status status="PASS" start="2025-04-15T16:07:03.443705" elapsed="5.534796"/>
</kw>
<tag>tnr</tag>
<status status="FAIL" start="2025-04-15T16:06:46.906295" elapsed="22.073253">Element '//span[@class='oxd-text oxd-text--span']' did not get text 'Successfully Updated' in 5 seconds.</status>
</test>
<status status="FAIL" start="2025-04-15T16:06:46.136988" elapsed="22.852694"/>
</suite>
<statistics>
<total>
<stat pass="0" fail="1" skip="0">All Tests</stat>
</total>
<tag>
<stat pass="0" fail="1" skip="0">tnr</stat>
</tag>
<suite>
<stat name="TESTS USERS" id="s1" pass="0" fail="1" skip="0">TESTS USERS</stat>
</suite>
</statistics>
<errors>
</errors>
</robot>
