<?xml version="1.0" encoding="UTF-8"?>
<robot generator="Robot 7.2.2 (Python 3.13.2 on win32)" generated="2025-04-17T20:52:36.487707" rpa="false" schemaversion="5">
<suite id="s1" name="TESTS EMPLOYEES" source="c:\Users\aubin\htdocs\qualite-logiciels-tests\eval\Tests\TESTS_EMPLOYEES.robot">
<test id="s1-t1" name="Test04 - Supprimer un employé" line="57">
<kw name="Ouvrir Orange_HRM" type="SETUP">
<kw name="Open Browser" owner="SeleniumLibrary">
<msg time="2025-04-17T20:52:36.907437" level="INFO">Opening browser 'chrome' to base url 'https://opensource-demo.orangehrmlive.com'.</msg>
<arg>${ORANGE_HRM_URL}</arg>
<arg>browser=chrome</arg>
<arg>options=add_experimental_option('excludeSwitches', ['enable-logging'])</arg>
<doc>Opens a new browser instance to the optional ``url``.</doc>
<status status="PASS" start="2025-04-17T20:52:36.907011" elapsed="2.905691"/>
</kw>
<kw name="Maximize Browser Window" owner="SeleniumLibrary">
<doc>Maximizes current browser window.</doc>
<status status="PASS" start="2025-04-17T20:52:39.813052" elapsed="0.035676"/>
</kw>
<kw name="Set Selenium Implicit Wait" owner="SeleniumLibrary">
<arg>5s</arg>
<doc>Sets the implicit wait value used by Selenium.</doc>
<status status="PASS" start="2025-04-17T20:52:39.849137" elapsed="0.002241"/>
</kw>
<kw name="Input Text" owner="SeleniumLibrary">
<msg time="2025-04-17T20:52:39.852249" level="INFO">Typing text 'Admin' into text field 'xpath=//input[@name="username"]'.</msg>
<arg>xpath=//input[@name="username"]</arg>
<arg>${usernameAdmin}</arg>
<doc>Types the given ``text`` into the text field identified by ``locator``.</doc>
<status status="PASS" start="2025-04-17T20:52:39.851703" elapsed="0.357785"/>
</kw>
<kw name="Input Text" owner="SeleniumLibrary">
<msg time="2025-04-17T20:52:40.210346" level="INFO">Typing text 'admin123' into text field 'xpath=//input[@name="password"]'.</msg>
<arg>xpath=//input[@name="password"]</arg>
<arg>${passwordAdmin}</arg>
<doc>Types the given ``text`` into the text field identified by ``locator``.</doc>
<status status="PASS" start="2025-04-17T20:52:40.209865" elapsed="0.118352"/>
</kw>
<kw name="Click Element" owner="SeleniumLibrary">
<msg time="2025-04-17T20:52:40.328808" level="INFO">Clicking element 'xpath=//button[@type="submit"]'.</msg>
<arg>xpath=//button[@type="submit"]</arg>
<doc>Click the element identified by ``locator``.</doc>
<status status="PASS" start="2025-04-17T20:52:40.328525" elapsed="0.074278"/>
</kw>
<kw name="Get Title" owner="SeleniumLibrary">
<msg time="2025-04-17T20:52:41.203913" level="INFO">${title} = OrangeHRM</msg>
<var>${title}</var>
<doc>Returns the title of the current page.</doc>
<status status="PASS" start="2025-04-17T20:52:40.403114" elapsed="0.800971"/>
</kw>
<kw name="Should Contain" owner="BuiltIn">
<arg>${title}</arg>
<arg>OrangeHRM</arg>
<doc>Fails if ``container`` does not contain ``item`` one or more times.</doc>
<status status="PASS" start="2025-04-17T20:52:41.204404" elapsed="0.000232"/>
</kw>
<doc>Ouverture de Chrome à l'adresse https://opensource-demo.orangehrmlive.com
Connexion à la plateforme OrangeHRM avec les identifiants Admin/admin123</doc>
<status status="PASS" start="2025-04-17T20:52:36.906140" elapsed="4.298612"/>
</kw>
<kw name="Given Aller sur la page Employés">
<kw name="Click Element" owner="SeleniumLibrary">
<msg time="2025-04-17T20:52:41.206571" level="INFO">Clicking element 'xpath=//a[.//span[text()='PIM']]'.</msg>
<arg>xpath=//a[.//span[text()='PIM']]</arg>
<doc>Click the element identified by ``locator``.</doc>
<status status="PASS" start="2025-04-17T20:52:41.206316" elapsed="0.878289"/>
</kw>
<status status="PASS" start="2025-04-17T20:52:41.205928" elapsed="0.878906"/>
</kw>
<kw name="When Remplir le formulaire de recherche d'employé">
<kw name="Wait Until Page Contains Element" owner="SeleniumLibrary">
<arg>xpath=//h5[text()='Employee Information']</arg>
<doc>Waits until the element ``locator`` appears on the current page.</doc>
<status status="PASS" start="2025-04-17T20:52:42.085719" elapsed="0.246329"/>
</kw>
<kw name="Set Variable" owner="BuiltIn">
<msg time="2025-04-17T20:52:42.332812" level="INFO">${id_input} = xpath=//label[text()='Employee Id']/parent::div/following-sibling::div/input</msg>
<var>${id_input}</var>
<arg>xpath=//label[text()='Employee Id']/parent::div/following-sibling::div/input</arg>
<doc>Returns the given values which can then be assigned to a variables.</doc>
<status status="PASS" start="2025-04-17T20:52:42.332522" elapsed="0.000399"/>
</kw>
<kw name="Clear Element Text" owner="SeleniumLibrary">
<arg>${id_input}</arg>
<doc>Clears the value of the text-input-element identified by ``locator``.</doc>
<status status="PASS" start="2025-04-17T20:52:42.333058" elapsed="0.041849"/>
</kw>
<kw name="Input Text" owner="SeleniumLibrary">
<msg time="2025-04-17T20:52:42.375887" level="INFO">Typing text '898989' into text field 'xpath=//label[text()='Employee Id']/parent::div/following-sibling::div/input'.</msg>
<arg>${id_input}</arg>
<arg>${employee_id}</arg>
<doc>Types the given ``text`` into the text field identified by ``locator``.</doc>
<status status="PASS" start="2025-04-17T20:52:42.375396" elapsed="0.120496"/>
</kw>
<kw name="Click Element" owner="SeleniumLibrary">
<msg time="2025-04-17T20:52:42.496513" level="INFO">Clicking element 'xpath=//button[@type='submit']'.</msg>
<arg>xpath=//button[@type='submit']</arg>
<doc>Click the element identified by ``locator``.</doc>
<status status="PASS" start="2025-04-17T20:52:42.496212" elapsed="0.108555"/>
</kw>
<kw name="Sleep" owner="BuiltIn">
<msg time="2025-04-17T20:52:44.605999" level="INFO">Slept 2 seconds.</msg>
<arg>2s</arg>
<doc>Pauses the test executed for the given time.</doc>
<status status="PASS" start="2025-04-17T20:52:42.605100" elapsed="2.001325"/>
</kw>
<status status="PASS" start="2025-04-17T20:52:42.085332" elapsed="2.521392"/>
</kw>
<kw name="And Cliquer sur le bouton de suppression de l'employé">
<kw name="Click Element" owner="SeleniumLibrary">
<msg time="2025-04-17T20:52:44.609492" level="INFO">Clicking element 'xpath=//i[@class="oxd-icon bi-trash"]'.</msg>
<arg>xpath=//i[@class="oxd-icon bi-trash"]</arg>
<doc>Click the element identified by ``locator``.</doc>
<status status="PASS" start="2025-04-17T20:52:44.608948" elapsed="0.084515"/>
</kw>
<kw name="Click Element" owner="SeleniumLibrary">
<msg time="2025-04-17T20:52:44.694153" level="INFO">Clicking element 'xpath=//button[@class="oxd-button oxd-button--medium oxd-button--label-danger orangehrm-button-margin"]'.</msg>
<arg>xpath=//button[@class="oxd-button oxd-button--medium oxd-button--label-danger orangehrm-button-margin"]</arg>
<doc>Click the element identified by ``locator``.</doc>
<status status="PASS" start="2025-04-17T20:52:44.693820" elapsed="0.078859"/>
</kw>
<status status="PASS" start="2025-04-17T20:52:44.607986" elapsed="0.164999"/>
</kw>
<kw name="Then Vérifier le message de réussite qui s'affiche">
<kw name="Wait Until Element Contains" owner="SeleniumLibrary">
<arg>//p[@class='oxd-text oxd-text--p oxd-text--toast-message oxd-toast-content-text']</arg>
<arg>${message}</arg>
<doc>Waits until the element ``locator`` contains ``text``.</doc>
<status status="PASS" start="2025-04-17T20:52:44.774118" elapsed="0.446559"/>
</kw>
<arg>Successfully Deleted</arg>
<status status="PASS" start="2025-04-17T20:52:44.773584" elapsed="0.447326"/>
</kw>
<kw name="Fermer Orange_HRM" type="TEARDOWN">
<kw name="Sleep" owner="BuiltIn">
<msg time="2025-04-17T20:52:48.222280" level="INFO">Slept 3 seconds.</msg>
<arg>3</arg>
<doc>Pauses the test executed for the given time.</doc>
<status status="PASS" start="2025-04-17T20:52:45.221956" elapsed="3.000605"/>
</kw>
<kw name="Close Browser" owner="SeleniumLibrary">
<doc>Closes the current browser.</doc>
<status status="PASS" start="2025-04-17T20:52:48.222767" elapsed="2.204952"/>
</kw>
<doc>Fermeture du navigateur
On laisse un peu de temps pour visualiser l'écran final</doc>
<status status="PASS" start="2025-04-17T20:52:45.221587" elapsed="5.206546"/>
</kw>
<doc>Supprimer un employé 

Cliquer sur le bouton de suppression de l'employé 

Vérifier que l'employé a été supprimé avec succès 
</doc>
<tag>tnr</tag>
<status status="PASS" start="2025-04-17T20:52:36.904535" elapsed="13.524336"/>
</test>
<status status="PASS" start="2025-04-17T20:52:36.493403" elapsed="13.938433"/>
</suite>
<statistics>
<total>
<stat pass="1" fail="0" skip="0">All Tests</stat>
</total>
<tag>
<stat pass="1" fail="0" skip="0">tnr</stat>
</tag>
<suite>
<stat name="TESTS EMPLOYEES" id="s1" pass="1" fail="0" skip="0">TESTS EMPLOYEES</stat>
</suite>
</statistics>
<errors>
</errors>
</robot>
