<?xml version="1.0" encoding="UTF-8"?>
<robot generator="Robot 7.2.2 (Python 3.12.1 on win32)" generated="2025-04-15T16:03:30.977406" rpa="false" schemaversion="5">
<suite id="s1" name="TESTS USERS" source="c:\Users\leane\Documents\MDS\B3\tests\BeginnersGuide\Tests\TESTS_USERS.robot">
<test id="s1-t1" name="Test01 Ajouter un utilisateur" line="25">
<kw name="Ouvrir Orange_HRM" type="SETUP">
<kw name="Open Browser" owner="SeleniumLibrary">
<msg time="2025-04-15T16:03:31.224476" level="INFO">Opening browser 'chrome' to base url 'https://opensource-demo.orangehrmlive.com'.</msg>
<arg>${ORANGE_HRM_URL}</arg>
<arg>browser=chrome</arg>
<arg>options=add_experimental_option('excludeSwitches', ['enable-logging'])</arg>
<doc>Opens a new browser instance to the optional ``url``.</doc>
<status status="PASS" start="2025-04-15T16:03:31.224476" elapsed="2.623403"/>
</kw>
<kw name="Maximize Browser Window" owner="SeleniumLibrary">
<doc>Maximizes current browser window.</doc>
<status status="PASS" start="2025-04-15T16:03:33.847879" elapsed="0.030422"/>
</kw>
<kw name="Set Selenium Implicit Wait" owner="SeleniumLibrary">
<arg>5s</arg>
<doc>Sets the implicit wait value used by Selenium.</doc>
<status status="PASS" start="2025-04-15T16:03:33.878301" elapsed="0.001000"/>
</kw>
<kw name="Input Text" owner="SeleniumLibrary">
<msg time="2025-04-15T16:03:33.880615" level="INFO">Typing text 'Admin' into text field 'xpath=//input[@name="username"]'.</msg>
<arg>xpath=//input[@name="username"]</arg>
<arg>${username}</arg>
<doc>Types the given ``text`` into the text field identified by ``locator``.</doc>
<status status="PASS" start="2025-04-15T16:03:33.879301" elapsed="0.274497"/>
</kw>
<kw name="Input Text" owner="SeleniumLibrary">
<msg time="2025-04-15T16:03:34.154798" level="INFO">Typing text 'admin123' into text field 'xpath=//input[@name="password"]'.</msg>
<arg>xpath=//input[@name="password"]</arg>
<arg>${password}</arg>
<doc>Types the given ``text`` into the text field identified by ``locator``.</doc>
<status status="PASS" start="2025-04-15T16:03:34.154798" elapsed="0.075488"/>
</kw>
<kw name="Click Element" owner="SeleniumLibrary">
<msg time="2025-04-15T16:03:34.231289" level="INFO">Clicking element 'xpath=//button[@type="submit"]'.</msg>
<arg>xpath=//button[@type="submit"]</arg>
<doc>Click the element identified by ``locator``.</doc>
<status status="PASS" start="2025-04-15T16:03:34.230286" elapsed="0.044964"/>
</kw>
<kw name="Get Title" owner="SeleniumLibrary">
<msg time="2025-04-15T16:03:35.109532" level="INFO">${title} = OrangeHRM</msg>
<var>${title}</var>
<doc>Returns the title of the current page.</doc>
<status status="PASS" start="2025-04-15T16:03:34.275250" elapsed="0.834282"/>
</kw>
<kw name="Should Contain" owner="BuiltIn">
<arg>${title}</arg>
<arg>OrangeHRM</arg>
<doc>Fails if ``container`` does not contain ``item`` one or more times.</doc>
<status status="PASS" start="2025-04-15T16:03:35.110537" elapsed="0.000000"/>
</kw>
<doc>Ouverture de Chrome à l'adresse https://opensource-demo.orangehrmlive.com
Connexion à la plateforme OrangeHRM avec les identifiants Admin/admin123</doc>
<status status="PASS" start="2025-04-15T16:03:31.223475" elapsed="3.887062"/>
</kw>
<kw name="Given Aller sur la page Admin">
<kw name="Click Element" owner="SeleniumLibrary">
<msg time="2025-04-15T16:03:35.111554" level="INFO">Clicking element 'xpath=//a[.//span[text()='Admin']]'.</msg>
<arg>xpath=//a[.//span[text()='Admin']]</arg>
<doc>Click the element identified by ``locator``.</doc>
<status status="PASS" start="2025-04-15T16:03:35.111554" elapsed="0.908058"/>
</kw>
<status status="PASS" start="2025-04-15T16:03:35.111554" elapsed="0.908058"/>
</kw>
<kw name="When Clicker sur le bouton &quot;+ Add&quot;">
<kw name="Click Element" owner="SeleniumLibrary">
<msg time="2025-04-15T16:03:36.021142" level="INFO">Clicking element 'xpath=//button[@type='button' and @class='oxd-button oxd-button--medium oxd-button--secondary']'.</msg>
<arg>xpath=//button[@type='button' and @class='oxd-button oxd-button--medium oxd-button--secondary']</arg>
<doc>Click the element identified by ``locator``.</doc>
<status status="PASS" start="2025-04-15T16:03:36.020145" elapsed="0.526432"/>
</kw>
<status status="PASS" start="2025-04-15T16:03:36.020145" elapsed="0.527431"/>
</kw>
<kw name="And Remplir le formulaire d'ajout d'utilisateur">
<kw name="Click Element" owner="SeleniumLibrary">
<msg time="2025-04-15T16:03:36.548577" level="INFO">Clicking element 'xpath=//label[text()='User Role']/following::div[contains(@class, 'oxd-select-text')]'.</msg>
<arg>xpath=//label[text()='User Role']/following::div[contains(@class, 'oxd-select-text')]</arg>
<doc>Click the element identified by ``locator``.</doc>
<status status="PASS" start="2025-04-15T16:03:36.548577" elapsed="0.259017"/>
</kw>
<kw name="Wait Until Element Is Visible" owner="SeleniumLibrary">
<arg>xpath=//div[@role='option' and contains(normalize-space(), '${role}')]</arg>
<arg>timeout=10s</arg>
<doc>Waits until the element ``locator`` is visible.</doc>
<status status="PASS" start="2025-04-15T16:03:36.807594" elapsed="0.014934"/>
</kw>
<kw name="Click Element" owner="SeleniumLibrary">
<msg time="2025-04-15T16:03:36.822528" level="INFO">Clicking element 'xpath=//div[@role='option' and contains(normalize-space(), 'Admin')]'.</msg>
<arg>xpath=//div[@role='option' and contains(normalize-space(), '${role}')]</arg>
<doc>Click the element identified by ``locator``.</doc>
<status status="PASS" start="2025-04-15T16:03:36.822528" elapsed="0.037269"/>
</kw>
<kw name="Input Text" owner="SeleniumLibrary">
<msg time="2025-04-15T16:03:36.860802" level="INFO">Typing text 'Anisse Desvallois hi' into text field 'xpath=//label[text()='Employee Name']/following::input[1]'.</msg>
<arg>xpath=//label[text()='Employee Name']/following::input[1]</arg>
<arg>${employee_name}</arg>
<doc>Types the given ``text`` into the text field identified by ``locator``.</doc>
<status status="PASS" start="2025-04-15T16:03:36.859797" elapsed="0.078763"/>
</kw>
<kw name="Wait Until Element Is Visible" owner="SeleniumLibrary">
<arg>xpath=//div[@role='option' and contains(normalize-space(), '${employee_name}')]</arg>
<arg>timeout=10s</arg>
<doc>Waits until the element ``locator`` is visible.</doc>
<status status="PASS" start="2025-04-15T16:03:36.939562" elapsed="1.029938"/>
</kw>
<kw name="Click Element" owner="SeleniumLibrary">
<msg time="2025-04-15T16:03:37.970024" level="INFO">Clicking element 'xpath=//div[@role='option' and contains(normalize-space(), 'Anisse Desvallois hi')]'.</msg>
<arg>xpath=//div[@role='option' and contains(normalize-space(), '${employee_name}')]</arg>
<doc>Click the element identified by ``locator``.</doc>
<status status="PASS" start="2025-04-15T16:03:37.970024" elapsed="0.037720"/>
</kw>
<kw name="Click Element" owner="SeleniumLibrary">
<msg time="2025-04-15T16:03:38.009254" level="INFO">Clicking element 'xpath=//label[text()='Status']/following::div[contains(@class, 'oxd-select-text')]'.</msg>
<arg>xpath=//label[text()='Status']/following::div[contains(@class, 'oxd-select-text')]</arg>
<doc>Click the element identified by ``locator``.</doc>
<status status="PASS" start="2025-04-15T16:03:38.009254" elapsed="0.037444"/>
</kw>
<kw name="Wait Until Element Is Visible" owner="SeleniumLibrary">
<arg>xpath=//div[@role='option' and contains(normalize-space(), 'Enabled')]</arg>
<arg>timeout=10s</arg>
<doc>Waits until the element ``locator`` is visible.</doc>
<status status="PASS" start="2025-04-15T16:03:38.046698" elapsed="0.015328"/>
</kw>
<kw name="Click Element" owner="SeleniumLibrary">
<msg time="2025-04-15T16:03:38.062026" level="INFO">Clicking element 'xpath=//div[@role='option' and contains(normalize-space(), 'Enabled')]'.</msg>
<arg>xpath=//div[@role='option' and contains(normalize-space(), 'Enabled')]</arg>
<doc>Click the element identified by ``locator``.</doc>
<status status="PASS" start="2025-04-15T16:03:38.062026" elapsed="0.039642"/>
</kw>
<kw name="Input Text" owner="SeleniumLibrary">
<msg time="2025-04-15T16:03:38.102689" level="INFO">Typing text 'James' into text field 'xpath=//label[text()='Username']/following::input[1]'.</msg>
<arg>xpath=//label[text()='Username']/following::input[1]</arg>
<arg>${username1}</arg>
<doc>Types the given ``text`` into the text field identified by ``locator``.</doc>
<status status="PASS" start="2025-04-15T16:03:38.101668" elapsed="0.076957"/>
</kw>
<kw name="Input Text" owner="SeleniumLibrary">
<msg time="2025-04-15T16:03:38.179630" level="INFO">Typing text 'laplusbelle49' into text field 'xpath=//label[text()='Password']/following::input[1]'.</msg>
<arg>xpath=//label[text()='Password']/following::input[1]</arg>
<arg>${password1}</arg>
<doc>Types the given ``text`` into the text field identified by ``locator``.</doc>
<status status="PASS" start="2025-04-15T16:03:38.178625" elapsed="0.099572"/>
</kw>
<kw name="Input Text" owner="SeleniumLibrary">
<msg time="2025-04-15T16:03:38.278197" level="INFO">Typing text 'laplusbelle49' into text field 'xpath=//label[text()='Confirm Password']/following::input[1]'.</msg>
<arg>xpath=//label[text()='Confirm Password']/following::input[1]</arg>
<arg>${password1}</arg>
<doc>Types the given ``text`` into the text field identified by ``locator``.</doc>
<status status="PASS" start="2025-04-15T16:03:38.278197" elapsed="0.101461"/>
</kw>
<kw name="Click Element" owner="SeleniumLibrary">
<msg time="2025-04-15T16:03:38.379658" level="INFO">Clicking element 'xpath=//button[@type='submit' and text()=' Save ']'.</msg>
<arg>xpath=//button[@type='submit' and text()=' Save ']</arg>
<doc>Click the element identified by ``locator``.</doc>
<status status="PASS" start="2025-04-15T16:03:38.379658" elapsed="0.050952"/>
</kw>
<arg>${username1}</arg>
<arg>${password1}</arg>
<arg>${role}</arg>
<arg>${status}</arg>
<arg>${employee_name}</arg>
<status status="PASS" start="2025-04-15T16:03:36.547576" elapsed="1.883034"/>
</kw>
<kw name="Then Vérifier que l'utilisateur est bien ajouté">
<kw name="Wait Until Page Contains Element" owner="SeleniumLibrary">
<arg>xpath=//div[contains(text(), '${username1}')]</arg>
<arg>timeout=10s</arg>
<doc>Waits until the element ``locator`` appears on the current page.</doc>
<status status="PASS" start="2025-04-15T16:03:38.431932" elapsed="4.442473"/>
</kw>
<kw name="Page Should Contain Element" owner="SeleniumLibrary">
<msg time="2025-04-15T16:03:42.883557" level="INFO">Current page contains element 'xpath=//div[contains(text(), 'James')]'.</msg>
<arg>xpath=//div[contains(text(), '${username1}')]</arg>
<doc>Verifies that element ``locator`` is found on the current page.</doc>
<status status="PASS" start="2025-04-15T16:03:42.875492" elapsed="0.009111"/>
</kw>
<arg>${username1}</arg>
<status status="PASS" start="2025-04-15T16:03:38.431932" elapsed="4.452671"/>
</kw>
<kw name="Fermer Orange_HRM" type="TEARDOWN">
<kw name="Sleep" owner="BuiltIn">
<msg time="2025-04-15T16:03:45.885778" level="INFO">Slept 3 seconds.</msg>
<arg>3</arg>
<doc>Pauses the test executed for the given time.</doc>
<status status="PASS" start="2025-04-15T16:03:42.885558" elapsed="3.000220"/>
</kw>
<kw name="Close Browser" owner="SeleniumLibrary">
<doc>Closes the current browser.</doc>
<status status="PASS" start="2025-04-15T16:03:45.886790" elapsed="2.119145"/>
</kw>
<doc>Fermeture du navigateur
On laisse un peu de temps pour visualiser l'écran final</doc>
<status status="PASS" start="2025-04-15T16:03:42.884603" elapsed="5.122324"/>
</kw>
<doc>Ajout d'un utilisateur 

Cliquer sur le bouton "+ Add" dans la section "User Management" 

Remplir le formulaire d'ajout d'utilisateur 

Vérifier que l'utilisateur est bien ajouté 
</doc>
<tag>tnr</tag>
<status status="PASS" start="2025-04-15T16:03:31.222474" elapsed="16.784453"/>
</test>
<status status="PASS" start="2025-04-15T16:03:30.980920" elapsed="17.029012"/>
</suite>
<statistics>
<total>
<stat pass="1" fail="0" skip="0">All Tests</stat>
</total>
<tag>
<stat pass="1" fail="0" skip="0">tnr</stat>
</tag>
<suite>
<stat name="TESTS USERS" id="s1" pass="1" fail="0" skip="0">TESTS USERS</stat>
</suite>
</statistics>
<errors>
</errors>
</robot>
