<?xml version="1.0" encoding="UTF-8"?>
<robot generator="Robot 7.2.2 (Python 3.13.2 on win32)" generated="2025-04-15T16:15:55.185523" rpa="false" schemaversion="5">
<suite id="s1" name="Tests" source="C:\Users\aubin\htdocs\qualite-logiciels-tests\eval\Tests">
<suite id="s1-s1" name="TESTS USERS" source="C:\Users\aubin\htdocs\qualite-logiciels-tests\eval\Tests\TESTS_USERS.robot">
<test id="s1-s1-t1" name="Test01 Ajouter un utilisateur" line="26">
<kw name="Ouvrir Orange_HRM" type="SETUP">
<kw name="Open Browser" owner="SeleniumLibrary">
<msg time="2025-04-15T16:15:56.300632" level="INFO">Opening browser 'chrome' to base url 'https://opensource-demo.orangehrmlive.com'.</msg>
<arg>${ORANGE_HRM_URL}</arg>
<arg>browser=chrome</arg>
<arg>options=add_experimental_option('excludeSwitches', ['enable-logging'])</arg>
<doc>Opens a new browser instance to the optional ``url``.</doc>
<status status="PASS" start="2025-04-15T16:15:56.299406" elapsed="4.684937"/>
</kw>
<kw name="Maximize Browser Window" owner="SeleniumLibrary">
<doc>Maximizes current browser window.</doc>
<status status="PASS" start="2025-04-15T16:16:00.984992" elapsed="0.047555"/>
</kw>
<kw name="Set Selenium Implicit Wait" owner="SeleniumLibrary">
<arg>5s</arg>
<doc>Sets the implicit wait value used by Selenium.</doc>
<status status="PASS" start="2025-04-15T16:16:01.033049" elapsed="0.002758"/>
</kw>
<kw name="Input Text" owner="SeleniumLibrary">
<msg time="2025-04-15T16:16:01.037360" level="INFO">Typing text 'Admin' into text field 'xpath=//input[@name="username"]'.</msg>
<arg>xpath=//input[@name="username"]</arg>
<arg>${username}</arg>
<doc>Types the given ``text`` into the text field identified by ``locator``.</doc>
<status status="PASS" start="2025-04-15T16:16:01.036231" elapsed="0.557225"/>
</kw>
<kw name="Input Text" owner="SeleniumLibrary">
<msg time="2025-04-15T16:16:01.594549" level="INFO">Typing text 'admin123' into text field 'xpath=//input[@name="password"]'.</msg>
<arg>xpath=//input[@name="password"]</arg>
<arg>${password}</arg>
<doc>Types the given ``text`` into the text field identified by ``locator``.</doc>
<status status="PASS" start="2025-04-15T16:16:01.593925" elapsed="0.242923"/>
</kw>
<kw name="Click Element" owner="SeleniumLibrary">
<msg time="2025-04-15T16:16:01.837553" level="INFO">Clicking element 'xpath=//button[@type="submit"]'.</msg>
<arg>xpath=//button[@type="submit"]</arg>
<doc>Click the element identified by ``locator``.</doc>
<status status="PASS" start="2025-04-15T16:16:01.837225" elapsed="0.128058"/>
</kw>
<kw name="Get Title" owner="SeleniumLibrary">
<msg time="2025-04-15T16:16:03.249367" level="INFO">${title} = OrangeHRM</msg>
<var>${title}</var>
<doc>Returns the title of the current page.</doc>
<status status="PASS" start="2025-04-15T16:16:01.965596" elapsed="1.283862"/>
</kw>
<kw name="Should Contain" owner="BuiltIn">
<arg>${title}</arg>
<arg>OrangeHRM</arg>
<doc>Fails if ``container`` does not contain ``item`` one or more times.</doc>
<status status="PASS" start="2025-04-15T16:16:03.250032" elapsed="0.000332"/>
</kw>
<doc>Ouverture de Chrome à l'adresse https://opensource-demo.orangehrmlive.com
Connexion à la plateforme OrangeHRM avec les identifiants Admin/admin123</doc>
<status status="PASS" start="2025-04-15T16:15:56.297538" elapsed="6.952977"/>
</kw>
<kw name="Given Aller sur la page Admin">
<kw name="Click Element" owner="SeleniumLibrary">
<msg time="2025-04-15T16:16:03.252300" level="INFO">Clicking element 'xpath=//a[.//span[text()='Admin']]'.</msg>
<arg>xpath=//a[.//span[text()='Admin']]</arg>
<doc>Click the element identified by ``locator``.</doc>
<status status="PASS" start="2025-04-15T16:16:03.251989" elapsed="1.377932"/>
</kw>
<status status="PASS" start="2025-04-15T16:16:03.251330" elapsed="1.378838"/>
</kw>
<kw name="When Clicker sur le bouton &quot;+ Add&quot;">
<kw name="Click Element" owner="SeleniumLibrary">
<msg time="2025-04-15T16:16:04.632155" level="INFO">Clicking element 'xpath=//button[@type='button' and @class='oxd-button oxd-button--medium oxd-button--secondary']'.</msg>
<arg>xpath=//button[@type='button' and @class='oxd-button oxd-button--medium oxd-button--secondary']</arg>
<doc>Click the element identified by ``locator``.</doc>
<status status="PASS" start="2025-04-15T16:16:04.631773" elapsed="0.954586"/>
</kw>
<status status="PASS" start="2025-04-15T16:16:04.631141" elapsed="0.955545"/>
</kw>
<kw name="And Remplir le formulaire d'ajout d'utilisateur">
<kw name="Click Element" owner="SeleniumLibrary">
<msg time="2025-04-15T16:16:05.588815" level="INFO">Clicking element 'xpath=//label[text()='User Role']/following::div[contains(@class, 'oxd-select-text')]'.</msg>
<arg>xpath=//label[text()='User Role']/following::div[contains(@class, 'oxd-select-text')]</arg>
<doc>Click the element identified by ``locator``.</doc>
<status status="PASS" start="2025-04-15T16:16:05.588445" elapsed="0.499995"/>
</kw>
<kw name="Wait Until Element Is Visible" owner="SeleniumLibrary">
<arg>xpath=//div[@role='option' and contains(normalize-space(), '${role}')]</arg>
<arg>timeout=10s</arg>
<doc>Waits until the element ``locator`` is visible.</doc>
<status status="PASS" start="2025-04-15T16:16:06.088942" elapsed="0.044437"/>
</kw>
<kw name="Click Element" owner="SeleniumLibrary">
<msg time="2025-04-15T16:16:06.134114" level="INFO">Clicking element 'xpath=//div[@role='option' and contains(normalize-space(), 'Admin')]'.</msg>
<arg>xpath=//div[@role='option' and contains(normalize-space(), '${role}')]</arg>
<doc>Click the element identified by ``locator``.</doc>
<status status="PASS" start="2025-04-15T16:16:06.133680" elapsed="0.116927"/>
</kw>
<kw name="Input Text" owner="SeleniumLibrary">
<msg time="2025-04-15T16:16:06.251458" level="INFO">Typing text 'Anisse Desvallois hi' into text field 'xpath=//label[text()='Employee Name']/following::input[1]'.</msg>
<arg>xpath=//label[text()='Employee Name']/following::input[1]</arg>
<arg>${employee_name}</arg>
<doc>Types the given ``text`` into the text field identified by ``locator``.</doc>
<status status="PASS" start="2025-04-15T16:16:06.250987" elapsed="0.236760"/>
</kw>
<kw name="Wait Until Element Is Visible" owner="SeleniumLibrary">
<msg time="2025-04-15T16:16:17.247626" level="INFO" html="true">&lt;/td&gt;&lt;/tr&gt;&lt;tr&gt;&lt;td colspan="3"&gt;&lt;a href="selenium-screenshot-1.png"&gt;&lt;img src="selenium-screenshot-1.png" width="800px"&gt;&lt;/a&gt;</msg>
<msg time="2025-04-15T16:16:17.248076" level="FAIL">Element 'xpath=//div[@role='option' and contains(normalize-space(), 'Anisse Desvallois hi')]' not visible after 10 seconds.</msg>
<arg>xpath=//div[@role='option' and contains(normalize-space(), '${employee_name}')]</arg>
<arg>timeout=10s</arg>
<doc>Waits until the element ``locator`` is visible.</doc>
<status status="FAIL" start="2025-04-15T16:16:06.488072" elapsed="10.764315">Element 'xpath=//div[@role='option' and contains(normalize-space(), 'Anisse Desvallois hi')]' not visible after 10 seconds.</status>
</kw>
<kw name="Click Element" owner="SeleniumLibrary">
<arg>xpath=//div[@role='option' and contains(normalize-space(), '${employee_name}')]</arg>
<doc>Click the element identified by ``locator``.</doc>
<status status="NOT RUN" start="2025-04-15T16:16:17.252761" elapsed="0.000066"/>
</kw>
<kw name="Click Element" owner="SeleniumLibrary">
<arg>xpath=//label[text()='Status']/following::div[contains(@class, 'oxd-select-text')]</arg>
<doc>Click the element identified by ``locator``.</doc>
<status status="NOT RUN" start="2025-04-15T16:16:17.252997" elapsed="0.000046"/>
</kw>
<kw name="Wait Until Element Is Visible" owner="SeleniumLibrary">
<arg>xpath=//div[@role='option' and contains(normalize-space(), 'Enabled')]</arg>
<arg>timeout=10s</arg>
<doc>Waits until the element ``locator`` is visible.</doc>
<status status="NOT RUN" start="2025-04-15T16:16:17.253200" elapsed="0.000050"/>
</kw>
<kw name="Click Element" owner="SeleniumLibrary">
<arg>xpath=//div[@role='option' and contains(normalize-space(), 'Enabled')]</arg>
<doc>Click the element identified by ``locator``.</doc>
<status status="NOT RUN" start="2025-04-15T16:16:17.253410" elapsed="0.000042"/>
</kw>
<kw name="Input Text" owner="SeleniumLibrary">
<arg>xpath=//label[text()='Username']/following::input[1]</arg>
<arg>${username1}</arg>
<doc>Types the given ``text`` into the text field identified by ``locator``.</doc>
<status status="NOT RUN" start="2025-04-15T16:16:17.253932" elapsed="0.000050"/>
</kw>
<kw name="Input Text" owner="SeleniumLibrary">
<arg>xpath=//label[text()='Password']/following::input[1]</arg>
<arg>${password1}</arg>
<doc>Types the given ``text`` into the text field identified by ``locator``.</doc>
<status status="NOT RUN" start="2025-04-15T16:16:17.254140" elapsed="0.000043"/>
</kw>
<kw name="Input Text" owner="SeleniumLibrary">
<arg>xpath=//label[text()='Confirm Password']/following::input[1]</arg>
<arg>${password1}</arg>
<doc>Types the given ``text`` into the text field identified by ``locator``.</doc>
<status status="NOT RUN" start="2025-04-15T16:16:17.254338" elapsed="0.000043"/>
</kw>
<kw name="Click Element" owner="SeleniumLibrary">
<arg>xpath=//button[@type='submit' and text()=' Save ']</arg>
<doc>Click the element identified by ``locator``.</doc>
<status status="NOT RUN" start="2025-04-15T16:16:17.254540" elapsed="0.000042"/>
</kw>
<arg>${username1}</arg>
<arg>${password1}</arg>
<arg>${role}</arg>
<arg>${status}</arg>
<arg>${employee_name}</arg>
<status status="FAIL" start="2025-04-15T16:16:05.587503" elapsed="11.667304">Element 'xpath=//div[@role='option' and contains(normalize-space(), 'Anisse Desvallois hi')]' not visible after 10 seconds.</status>
</kw>
<kw name="Then Vérifier que l'utilisateur est bien ajouté">
<arg>${username1}</arg>
<status status="NOT RUN" start="2025-04-15T16:16:17.255721" elapsed="0.000114"/>
</kw>
<kw name="Fermer Orange_HRM" type="TEARDOWN">
<kw name="Sleep" owner="BuiltIn">
<msg time="2025-04-15T16:16:20.258321" level="INFO">Slept 3 seconds.</msg>
<arg>3</arg>
<doc>Pauses the test executed for the given time.</doc>
<status status="PASS" start="2025-04-15T16:16:17.257364" elapsed="3.001164"/>
</kw>
<kw name="Close Browser" owner="SeleniumLibrary">
<doc>Closes the current browser.</doc>
<status status="PASS" start="2025-04-15T16:16:20.258864" elapsed="2.556285"/>
</kw>
<doc>Fermeture du navigateur
On laisse un peu de temps pour visualiser l'écran final</doc>
<status status="PASS" start="2025-04-15T16:16:17.256732" elapsed="5.558678"/>
</kw>
<doc>Ajout d'un utilisateur 

Cliquer sur le bouton "+ Add" dans la section "User Management" 

Remplir le formulaire d'ajout d'utilisateur 

Vérifier que l'utilisateur est bien ajouté 
</doc>
<tag>tnr</tag>
<status status="FAIL" start="2025-04-15T16:15:56.294260" elapsed="26.521658">Element 'xpath=//div[@role='option' and contains(normalize-space(), 'Anisse Desvallois hi')]' not visible after 10 seconds.</status>
</test>
<test id="s1-s1-t2" name="Test02 Rechercher un utilisateur" line="37">
<kw name="Ouvrir Orange_HRM" type="SETUP">
<kw name="Open Browser" owner="SeleniumLibrary">
<msg time="2025-04-15T16:16:22.819389" level="INFO">Opening browser 'chrome' to base url 'https://opensource-demo.orangehrmlive.com'.</msg>
<arg>${ORANGE_HRM_URL}</arg>
<arg>browser=chrome</arg>
<arg>options=add_experimental_option('excludeSwitches', ['enable-logging'])</arg>
<doc>Opens a new browser instance to the optional ``url``.</doc>
<status status="PASS" start="2025-04-15T16:16:22.819006" elapsed="4.023648"/>
</kw>
<kw name="Maximize Browser Window" owner="SeleniumLibrary">
<doc>Maximizes current browser window.</doc>
<status status="PASS" start="2025-04-15T16:16:26.843059" elapsed="0.041422"/>
</kw>
<kw name="Set Selenium Implicit Wait" owner="SeleniumLibrary">
<arg>5s</arg>
<doc>Sets the implicit wait value used by Selenium.</doc>
<status status="PASS" start="2025-04-15T16:16:26.884950" elapsed="0.002713"/>
</kw>
<kw name="Input Text" owner="SeleniumLibrary">
<msg time="2025-04-15T16:16:26.889036" level="INFO">Typing text 'Admin' into text field 'xpath=//input[@name="username"]'.</msg>
<arg>xpath=//input[@name="username"]</arg>
<arg>${username}</arg>
<doc>Types the given ``text`` into the text field identified by ``locator``.</doc>
<status status="PASS" start="2025-04-15T16:16:26.888186" elapsed="0.616662"/>
</kw>
<kw name="Input Text" owner="SeleniumLibrary">
<msg time="2025-04-15T16:16:27.505928" level="INFO">Typing text 'admin123' into text field 'xpath=//input[@name="password"]'.</msg>
<arg>xpath=//input[@name="password"]</arg>
<arg>${password}</arg>
<doc>Types the given ``text`` into the text field identified by ``locator``.</doc>
<status status="PASS" start="2025-04-15T16:16:27.505272" elapsed="0.234461"/>
</kw>
<kw name="Click Element" owner="SeleniumLibrary">
<msg time="2025-04-15T16:16:27.740314" level="INFO">Clicking element 'xpath=//button[@type="submit"]'.</msg>
<arg>xpath=//button[@type="submit"]</arg>
<doc>Click the element identified by ``locator``.</doc>
<status status="PASS" start="2025-04-15T16:16:27.740027" elapsed="0.119794"/>
</kw>
<kw name="Get Title" owner="SeleniumLibrary">
<msg time="2025-04-15T16:16:28.826089" level="INFO">${title} = OrangeHRM</msg>
<var>${title}</var>
<doc>Returns the title of the current page.</doc>
<status status="PASS" start="2025-04-15T16:16:27.860179" elapsed="0.966008"/>
</kw>
<kw name="Should Contain" owner="BuiltIn">
<arg>${title}</arg>
<arg>OrangeHRM</arg>
<doc>Fails if ``container`` does not contain ``item`` one or more times.</doc>
<status status="PASS" start="2025-04-15T16:16:28.826508" elapsed="0.000322"/>
</kw>
<doc>Ouverture de Chrome à l'adresse https://opensource-demo.orangehrmlive.com
Connexion à la plateforme OrangeHRM avec les identifiants Admin/admin123</doc>
<status status="PASS" start="2025-04-15T16:16:22.818483" elapsed="6.008487"/>
</kw>
<kw name="Given Aller sur la page Admin">
<kw name="Click Element" owner="SeleniumLibrary">
<msg time="2025-04-15T16:16:28.828541" level="INFO">Clicking element 'xpath=//a[.//span[text()='Admin']]'.</msg>
<arg>xpath=//a[.//span[text()='Admin']]</arg>
<doc>Click the element identified by ``locator``.</doc>
<status status="PASS" start="2025-04-15T16:16:28.828221" elapsed="1.253063"/>
</kw>
<status status="PASS" start="2025-04-15T16:16:28.827669" elapsed="1.253828"/>
</kw>
<kw name="When Remplir le formulaire de recherche">
<kw name="Input Text" owner="SeleniumLibrary">
<msg time="2025-04-15T16:16:30.084533" level="INFO">Typing text 'James' into text field 'xpath=//label[text()='Username']/ancestor::div[contains(@class, 'oxd-input-group')]//input'.</msg>
<arg>xpath=//label[text()='Username']/ancestor::div[contains(@class, 'oxd-input-group')]//input</arg>
<arg>${username}</arg>
<doc>Types the given ``text`` into the text field identified by ``locator``.</doc>
<status status="PASS" start="2025-04-15T16:16:30.083853" elapsed="0.501309"/>
</kw>
<kw name="Click Element" owner="SeleniumLibrary">
<msg time="2025-04-15T16:16:30.585924" level="INFO">Clicking element 'xpath=//label[text()='User Role']/ancestor::div[contains(@class, 'oxd-input-group')]//div[contains(@class, 'oxd-select-text')]'.</msg>
<arg>xpath=//label[text()='User Role']/ancestor::div[contains(@class, 'oxd-input-group')]//div[contains(@class, 'oxd-select-text')]</arg>
<doc>Click the element identified by ``locator``.</doc>
<status status="PASS" start="2025-04-15T16:16:30.585505" elapsed="0.194122"/>
</kw>
<kw name="Click Element" owner="SeleniumLibrary">
<msg time="2025-04-15T16:16:30.780430" level="INFO">Clicking element 'xpath=//div[@role='option']//span[text()='Admin']'.</msg>
<arg>xpath=//div[@role='option']//span[text()='${role}']</arg>
<doc>Click the element identified by ``locator``.</doc>
<status status="PASS" start="2025-04-15T16:16:30.779974" elapsed="0.118573"/>
</kw>
<kw name="Click Element" owner="SeleniumLibrary">
<msg time="2025-04-15T16:16:30.899372" level="INFO">Clicking element 'xpath=//label[text()='Status']/ancestor::div[contains(@class, 'oxd-input-group')]//div[contains(@class, 'oxd-select-text')]'.</msg>
<arg>xpath=//label[text()='Status']/ancestor::div[contains(@class, 'oxd-input-group')]//div[contains(@class, 'oxd-select-text')]</arg>
<doc>Click the element identified by ``locator``.</doc>
<status status="PASS" start="2025-04-15T16:16:30.898926" elapsed="0.139779"/>
</kw>
<kw name="Click Element" owner="SeleniumLibrary">
<msg time="2025-04-15T16:16:31.039898" level="INFO">Clicking element 'xpath=//div[@role='listbox']//span[text()='Enabled']'.</msg>
<arg>xpath=//div[@role='listbox']//span[text()='${status}']</arg>
<doc>Click the element identified by ``locator``.</doc>
<status status="PASS" start="2025-04-15T16:16:31.039373" elapsed="0.111852"/>
</kw>
<arg>${username1}</arg>
<arg>${role}</arg>
<arg>${status}</arg>
<status status="PASS" start="2025-04-15T16:16:30.082577" elapsed="1.068972"/>
</kw>
<kw name="When Cliquer sur le bouton Search">
<kw name="Click Element" owner="SeleniumLibrary">
<msg time="2025-04-15T16:16:31.153003" level="INFO">Clicking element 'xpath=//button[@type='submit']'.</msg>
<arg>xpath=//button[@type='submit']</arg>
<doc>Click the element identified by ``locator``.</doc>
<status status="PASS" start="2025-04-15T16:16:31.152720" elapsed="0.116231"/>
</kw>
<status status="PASS" start="2025-04-15T16:16:31.152197" elapsed="0.117076"/>
</kw>
<kw name="Then Vérifier que le message qui s'affiche">
<kw name="Wait Until Element Contains" owner="SeleniumLibrary">
<msg time="2025-04-15T16:16:36.707132" level="INFO" html="true">&lt;/td&gt;&lt;/tr&gt;&lt;tr&gt;&lt;td colspan="3"&gt;&lt;a href="selenium-screenshot-2.png"&gt;&lt;img src="selenium-screenshot-2.png" width="800px"&gt;&lt;/a&gt;</msg>
<msg time="2025-04-15T16:16:36.707549" level="FAIL">Element '//span[@class='oxd-text oxd-text--span']' did not get text '(1) Record Found' in 5 seconds.</msg>
<arg>//span[@class='oxd-text oxd-text--span']</arg>
<arg>${message}</arg>
<doc>Waits until the element ``locator`` contains ``text``.</doc>
<status status="FAIL" start="2025-04-15T16:16:31.270852" elapsed="5.439087">Element '//span[@class='oxd-text oxd-text--span']' did not get text '(1) Record Found' in 5 seconds.</status>
</kw>
<arg>(1) Record Found</arg>
<status status="FAIL" start="2025-04-15T16:16:31.270042" elapsed="5.440214">Element '//span[@class='oxd-text oxd-text--span']' did not get text '(1) Record Found' in 5 seconds.</status>
</kw>
<kw name="Then Vérifier l'utilisateur qui s'affiche">
<status status="NOT RUN" start="2025-04-15T16:16:36.711261" elapsed="0.000176"/>
</kw>
<kw name="Fermer Orange_HRM" type="TEARDOWN">
<kw name="Sleep" owner="BuiltIn">
<msg time="2025-04-15T16:16:39.714333" level="INFO">Slept 3 seconds.</msg>
<arg>3</arg>
<doc>Pauses the test executed for the given time.</doc>
<status status="PASS" start="2025-04-15T16:16:36.713300" elapsed="3.001305"/>
</kw>
<kw name="Close Browser" owner="SeleniumLibrary">
<doc>Closes the current browser.</doc>
<status status="PASS" start="2025-04-15T16:16:39.715021" elapsed="2.423615"/>
</kw>
<doc>Fermeture du navigateur
On laisse un peu de temps pour visualiser l'écran final</doc>
<status status="PASS" start="2025-04-15T16:16:36.712480" elapsed="5.426456"/>
</kw>
<doc>...    
Rechercher un utilisateur
Remplir le formulaire de rechercher
Cliquer sur le bouton rechercher
Vérifier que</doc>
<tag>tnr</tag>
<status status="FAIL" start="2025-04-15T16:16:22.817226" elapsed="19.322221">Element '//span[@class='oxd-text oxd-text--span']' did not get text '(1) Record Found' in 5 seconds.</status>
</test>
<test id="s1-s1-t3" name="Test03 - Modifier un utilisateur" line="49">
<kw name="Ouvrir Orange_HRM" type="SETUP">
<kw name="Open Browser" owner="SeleniumLibrary">
<msg time="2025-04-15T16:16:42.142339" level="INFO">Opening browser 'chrome' to base url 'https://opensource-demo.orangehrmlive.com'.</msg>
<arg>${ORANGE_HRM_URL}</arg>
<arg>browser=chrome</arg>
<arg>options=add_experimental_option('excludeSwitches', ['enable-logging'])</arg>
<doc>Opens a new browser instance to the optional ``url``.</doc>
<status status="PASS" start="2025-04-15T16:16:42.141948" elapsed="5.450761"/>
</kw>
<kw name="Maximize Browser Window" owner="SeleniumLibrary">
<doc>Maximizes current browser window.</doc>
<status status="PASS" start="2025-04-15T16:16:47.593169" elapsed="0.044297"/>
</kw>
<kw name="Set Selenium Implicit Wait" owner="SeleniumLibrary">
<arg>5s</arg>
<doc>Sets the implicit wait value used by Selenium.</doc>
<status status="PASS" start="2025-04-15T16:16:47.637936" elapsed="0.003166"/>
</kw>
<kw name="Input Text" owner="SeleniumLibrary">
<msg time="2025-04-15T16:16:47.642118" level="INFO">Typing text 'Admin' into text field 'xpath=//input[@name="username"]'.</msg>
<arg>xpath=//input[@name="username"]</arg>
<arg>${username}</arg>
<doc>Types the given ``text`` into the text field identified by ``locator``.</doc>
<status status="PASS" start="2025-04-15T16:16:47.641568" elapsed="0.638311"/>
</kw>
<kw name="Input Text" owner="SeleniumLibrary">
<msg time="2025-04-15T16:16:48.281568" level="INFO">Typing text 'admin123' into text field 'xpath=//input[@name="password"]'.</msg>
<arg>xpath=//input[@name="password"]</arg>
<arg>${password}</arg>
<doc>Types the given ``text`` into the text field identified by ``locator``.</doc>
<status status="PASS" start="2025-04-15T16:16:48.280424" elapsed="0.214333"/>
</kw>
<kw name="Click Element" owner="SeleniumLibrary">
<msg time="2025-04-15T16:16:48.495559" level="INFO">Clicking element 'xpath=//button[@type="submit"]'.</msg>
<arg>xpath=//button[@type="submit"]</arg>
<doc>Click the element identified by ``locator``.</doc>
<status status="PASS" start="2025-04-15T16:16:48.495187" elapsed="0.120973"/>
</kw>
<kw name="Get Title" owner="SeleniumLibrary">
<msg time="2025-04-15T16:16:49.880679" level="INFO">${title} = OrangeHRM</msg>
<var>${title}</var>
<doc>Returns the title of the current page.</doc>
<status status="PASS" start="2025-04-15T16:16:48.616779" elapsed="1.264024"/>
</kw>
<kw name="Should Contain" owner="BuiltIn">
<arg>${title}</arg>
<arg>OrangeHRM</arg>
<doc>Fails if ``container`` does not contain ``item`` one or more times.</doc>
<status status="PASS" start="2025-04-15T16:16:49.881234" elapsed="0.000522"/>
</kw>
<doc>Ouverture de Chrome à l'adresse https://opensource-demo.orangehrmlive.com
Connexion à la plateforme OrangeHRM avec les identifiants Admin/admin123</doc>
<status status="PASS" start="2025-04-15T16:16:42.141453" elapsed="7.740530"/>
</kw>
<kw name="Given Aller sur la page admin">
<kw name="Click Element" owner="SeleniumLibrary">
<msg time="2025-04-15T16:16:49.884423" level="INFO">Clicking element 'xpath=//a[.//span[text()='Admin']]'.</msg>
<arg>xpath=//a[.//span[text()='Admin']]</arg>
<doc>Click the element identified by ``locator``.</doc>
<status status="PASS" start="2025-04-15T16:16:49.884020" elapsed="1.750381"/>
</kw>
<status status="PASS" start="2025-04-15T16:16:49.883041" elapsed="1.751614"/>
</kw>
<kw name="When Remplir le formulaire de recherche">
<kw name="Input Text" owner="SeleniumLibrary">
<msg time="2025-04-15T16:16:51.638178" level="INFO">Typing text 'James' into text field 'xpath=//label[text()='Username']/ancestor::div[contains(@class, 'oxd-input-group')]//input'.</msg>
<arg>xpath=//label[text()='Username']/ancestor::div[contains(@class, 'oxd-input-group')]//input</arg>
<arg>${username}</arg>
<doc>Types the given ``text`` into the text field identified by ``locator``.</doc>
<status status="PASS" start="2025-04-15T16:16:51.637368" elapsed="0.551107"/>
</kw>
<kw name="Click Element" owner="SeleniumLibrary">
<msg time="2025-04-15T16:16:52.189325" level="INFO">Clicking element 'xpath=//label[text()='User Role']/ancestor::div[contains(@class, 'oxd-input-group')]//div[contains(@class, 'oxd-select-text')]'.</msg>
<arg>xpath=//label[text()='User Role']/ancestor::div[contains(@class, 'oxd-input-group')]//div[contains(@class, 'oxd-select-text')]</arg>
<doc>Click the element identified by ``locator``.</doc>
<status status="PASS" start="2025-04-15T16:16:52.188878" elapsed="0.134078"/>
</kw>
<kw name="Click Element" owner="SeleniumLibrary">
<msg time="2025-04-15T16:16:52.323885" level="INFO">Clicking element 'xpath=//div[@role='option']//span[text()='Admin']'.</msg>
<arg>xpath=//div[@role='option']//span[text()='${role}']</arg>
<doc>Click the element identified by ``locator``.</doc>
<status status="PASS" start="2025-04-15T16:16:52.323342" elapsed="0.132246"/>
</kw>
<kw name="Click Element" owner="SeleniumLibrary">
<msg time="2025-04-15T16:16:52.456202" level="INFO">Clicking element 'xpath=//label[text()='Status']/ancestor::div[contains(@class, 'oxd-input-group')]//div[contains(@class, 'oxd-select-text')]'.</msg>
<arg>xpath=//label[text()='Status']/ancestor::div[contains(@class, 'oxd-input-group')]//div[contains(@class, 'oxd-select-text')]</arg>
<doc>Click the element identified by ``locator``.</doc>
<status status="PASS" start="2025-04-15T16:16:52.455886" elapsed="0.174654"/>
</kw>
<kw name="Click Element" owner="SeleniumLibrary">
<msg time="2025-04-15T16:16:52.631675" level="INFO">Clicking element 'xpath=//div[@role='listbox']//span[text()='Enabled']'.</msg>
<arg>xpath=//div[@role='listbox']//span[text()='${status}']</arg>
<doc>Click the element identified by ``locator``.</doc>
<status status="PASS" start="2025-04-15T16:16:52.631095" elapsed="0.121019"/>
</kw>
<arg>${username1}</arg>
<arg>${role}</arg>
<arg>${status}</arg>
<status status="PASS" start="2025-04-15T16:16:51.635838" elapsed="1.116589"/>
</kw>
<kw name="And Cliquer sur le bouton Search">
<kw name="Click Element" owner="SeleniumLibrary">
<msg time="2025-04-15T16:16:52.753957" level="INFO">Clicking element 'xpath=//button[@type='submit']'.</msg>
<arg>xpath=//button[@type='submit']</arg>
<doc>Click the element identified by ``locator``.</doc>
<status status="PASS" start="2025-04-15T16:16:52.753658" elapsed="0.125296"/>
</kw>
<status status="PASS" start="2025-04-15T16:16:52.753088" elapsed="0.126073"/>
</kw>
<kw name="And Cliquer sur le bouton de modification de l'utilisateur">
<kw name="Set Variable" owner="BuiltIn">
<msg time="2025-04-15T16:16:52.881138" level="INFO">${text} = Edit User</msg>
<var>${text}</var>
<arg>Edit User</arg>
<doc>Returns the given values which can then be assigned to a variables.</doc>
<status status="PASS" start="2025-04-15T16:16:52.880608" elapsed="0.000643"/>
</kw>
<kw name="Click Element" owner="SeleniumLibrary">
<msg time="2025-04-15T16:16:52.881864" level="INFO">Clicking element 'xpath=(//button[@class='oxd-icon-button oxd-table-cell-action-space' and .//i[contains(@class, 'bi-pencil-fill')]])[1]'.</msg>
<msg time="2025-04-15T16:16:58.215460" level="INFO" html="true">&lt;/td&gt;&lt;/tr&gt;&lt;tr&gt;&lt;td colspan="3"&gt;&lt;a href="selenium-screenshot-3.png"&gt;&lt;img src="selenium-screenshot-3.png" width="800px"&gt;&lt;/a&gt;</msg>
<msg time="2025-04-15T16:16:58.215865" level="FAIL">Element with locator 'xpath=(//button[@class='oxd-icon-button oxd-table-cell-action-space' and .//i[contains(@class, 'bi-pencil-fill')]])[1]' not found.</msg>
<arg>xpath=(//button[@class='oxd-icon-button oxd-table-cell-action-space' and .//i[contains(@class, 'bi-pencil-fill')]])[1]</arg>
<doc>Click the element identified by ``locator``.</doc>
<status status="FAIL" start="2025-04-15T16:16:52.881539" elapsed="5.339401">Element with locator 'xpath=(//button[@class='oxd-icon-button oxd-table-cell-action-space' and .//i[contains(@class, 'bi-pencil-fill')]])[1]' not found.</status>
</kw>
<kw name="Wait Until Element Contains" owner="SeleniumLibrary">
<arg>xpath=//h6[@class='oxd-text oxd-text--h6 orangehrm-main-title']</arg>
<arg>${text}</arg>
<doc>Waits until the element ``locator`` contains ``text``.</doc>
<status status="NOT RUN" start="2025-04-15T16:16:58.221345" elapsed="0.000074"/>
</kw>
<status status="FAIL" start="2025-04-15T16:16:52.879837" elapsed="5.341795">Element with locator 'xpath=(//button[@class='oxd-icon-button oxd-table-cell-action-space' and .//i[contains(@class, 'bi-pencil-fill')]])[1]' not found.</status>
</kw>
<kw name="When Modifier les informations de l'utilisateur">
<arg>${newUsername}</arg>
<status status="NOT RUN" start="2025-04-15T16:16:58.222660" elapsed="0.000094"/>
</kw>
<kw name="And Cliquer sur le bouton Enregistrer">
<status status="NOT RUN" start="2025-04-15T16:16:58.223264" elapsed="0.000058"/>
</kw>
<kw name="Then Vérifier que l'utilisateur a été modifié avec succès">
<arg>Successfully Updated</arg>
<status status="NOT RUN" start="2025-04-15T16:16:58.223662" elapsed="0.000055"/>
</kw>
<kw name="Fermer Orange_HRM" type="TEARDOWN">
<kw name="Sleep" owner="BuiltIn">
<msg time="2025-04-15T16:17:01.225986" level="INFO">Slept 3 seconds.</msg>
<arg>3</arg>
<doc>Pauses the test executed for the given time.</doc>
<status status="PASS" start="2025-04-15T16:16:58.225322" elapsed="3.000926"/>
</kw>
<kw name="Close Browser" owner="SeleniumLibrary">
<doc>Closes the current browser.</doc>
<status status="PASS" start="2025-04-15T16:17:01.226635" elapsed="2.653317"/>
</kw>
<doc>Fermeture du navigateur
On laisse un peu de temps pour visualiser l'écran final</doc>
<status status="PASS" start="2025-04-15T16:16:58.224699" elapsed="5.655556"/>
</kw>
<tag>tnr</tag>
<status status="FAIL" start="2025-04-15T16:16:42.140515" elapsed="21.740526">Element with locator 'xpath=(//button[@class='oxd-icon-button oxd-table-cell-action-space' and .//i[contains(@class, 'bi-pencil-fill')]])[1]' not found.</status>
</test>
<test id="s1-s1-t4" name="Test04 - Supprimer un utilisateur" line="58">
<kw name="Ouvrir Orange_HRM" type="SETUP">
<kw name="Open Browser" owner="SeleniumLibrary">
<msg time="2025-04-15T16:17:03.883965" level="INFO">Opening browser 'chrome' to base url 'https://opensource-demo.orangehrmlive.com'.</msg>
<arg>${ORANGE_HRM_URL}</arg>
<arg>browser=chrome</arg>
<arg>options=add_experimental_option('excludeSwitches', ['enable-logging'])</arg>
<doc>Opens a new browser instance to the optional ``url``.</doc>
<status status="PASS" start="2025-04-15T16:17:03.883559" elapsed="3.475423"/>
</kw>
<kw name="Maximize Browser Window" owner="SeleniumLibrary">
<doc>Maximizes current browser window.</doc>
<status status="PASS" start="2025-04-15T16:17:07.359384" elapsed="1.572292"/>
</kw>
<kw name="Set Selenium Implicit Wait" owner="SeleniumLibrary">
<arg>5s</arg>
<doc>Sets the implicit wait value used by Selenium.</doc>
<status status="PASS" start="2025-04-15T16:17:08.932050" elapsed="0.002309"/>
</kw>
<kw name="Input Text" owner="SeleniumLibrary">
<msg time="2025-04-15T16:17:08.935492" level="INFO">Typing text 'Admin' into text field 'xpath=//input[@name="username"]'.</msg>
<arg>xpath=//input[@name="username"]</arg>
<arg>${username}</arg>
<doc>Types the given ``text`` into the text field identified by ``locator``.</doc>
<status status="PASS" start="2025-04-15T16:17:08.934722" elapsed="0.626064"/>
</kw>
<kw name="Input Text" owner="SeleniumLibrary">
<msg time="2025-04-15T16:17:09.562020" level="INFO">Typing text 'admin123' into text field 'xpath=//input[@name="password"]'.</msg>
<arg>xpath=//input[@name="password"]</arg>
<arg>${password}</arg>
<doc>Types the given ``text`` into the text field identified by ``locator``.</doc>
<status status="PASS" start="2025-04-15T16:17:09.561381" elapsed="0.278870"/>
</kw>
<kw name="Click Element" owner="SeleniumLibrary">
<msg time="2025-04-15T16:17:09.841179" level="INFO">Clicking element 'xpath=//button[@type="submit"]'.</msg>
<arg>xpath=//button[@type="submit"]</arg>
<doc>Click the element identified by ``locator``.</doc>
<status status="PASS" start="2025-04-15T16:17:09.840661" elapsed="0.138294"/>
</kw>
<kw name="Get Title" owner="SeleniumLibrary">
<msg time="2025-04-15T16:17:11.012240" level="INFO">${title} = OrangeHRM</msg>
<var>${title}</var>
<doc>Returns the title of the current page.</doc>
<status status="PASS" start="2025-04-15T16:17:09.979338" elapsed="1.032993"/>
</kw>
<kw name="Should Contain" owner="BuiltIn">
<arg>${title}</arg>
<arg>OrangeHRM</arg>
<doc>Fails if ``container`` does not contain ``item`` one or more times.</doc>
<status status="PASS" start="2025-04-15T16:17:11.012646" elapsed="0.000329"/>
</kw>
<doc>Ouverture de Chrome à l'adresse https://opensource-demo.orangehrmlive.com
Connexion à la plateforme OrangeHRM avec les identifiants Admin/admin123</doc>
<status status="PASS" start="2025-04-15T16:17:03.883040" elapsed="7.130104"/>
</kw>
<kw name="Given Aller sur la page admin">
<kw name="Click Element" owner="SeleniumLibrary">
<msg time="2025-04-15T16:17:11.015377" level="INFO">Clicking element 'xpath=//a[.//span[text()='Admin']]'.</msg>
<arg>xpath=//a[.//span[text()='Admin']]</arg>
<doc>Click the element identified by ``locator``.</doc>
<status status="PASS" start="2025-04-15T16:17:11.014943" elapsed="1.667209"/>
</kw>
<status status="PASS" start="2025-04-15T16:17:11.014295" elapsed="1.668099"/>
</kw>
<kw name="When Remplir le formulaire de recherche">
<kw name="Input Text" owner="SeleniumLibrary">
<msg time="2025-04-15T16:17:12.685096" level="INFO">Typing text 'James' into text field 'xpath=//label[text()='Username']/ancestor::div[contains(@class, 'oxd-input-group')]//input'.</msg>
<arg>xpath=//label[text()='Username']/ancestor::div[contains(@class, 'oxd-input-group')]//input</arg>
<arg>${username}</arg>
<doc>Types the given ``text`` into the text field identified by ``locator``.</doc>
<status status="PASS" start="2025-04-15T16:17:12.684339" elapsed="0.580550"/>
</kw>
<kw name="Click Element" owner="SeleniumLibrary">
<msg time="2025-04-15T16:17:13.265892" level="INFO">Clicking element 'xpath=//label[text()='User Role']/ancestor::div[contains(@class, 'oxd-input-group')]//div[contains(@class, 'oxd-select-text')]'.</msg>
<arg>xpath=//label[text()='User Role']/ancestor::div[contains(@class, 'oxd-input-group')]//div[contains(@class, 'oxd-select-text')]</arg>
<doc>Click the element identified by ``locator``.</doc>
<status status="PASS" start="2025-04-15T16:17:13.265330" elapsed="0.199284"/>
</kw>
<kw name="Click Element" owner="SeleniumLibrary">
<msg time="2025-04-15T16:17:13.465506" level="INFO">Clicking element 'xpath=//div[@role='option']//span[text()='Admin']'.</msg>
<arg>xpath=//div[@role='option']//span[text()='${role}']</arg>
<doc>Click the element identified by ``locator``.</doc>
<status status="PASS" start="2025-04-15T16:17:13.464965" elapsed="0.132820"/>
</kw>
<kw name="Click Element" owner="SeleniumLibrary">
<msg time="2025-04-15T16:17:13.598695" level="INFO">Clicking element 'xpath=//label[text()='Status']/ancestor::div[contains(@class, 'oxd-input-group')]//div[contains(@class, 'oxd-select-text')]'.</msg>
<arg>xpath=//label[text()='Status']/ancestor::div[contains(@class, 'oxd-input-group')]//div[contains(@class, 'oxd-select-text')]</arg>
<doc>Click the element identified by ``locator``.</doc>
<status status="PASS" start="2025-04-15T16:17:13.598242" elapsed="0.130775"/>
</kw>
<kw name="Click Element" owner="SeleniumLibrary">
<msg time="2025-04-15T16:17:13.729838" level="INFO">Clicking element 'xpath=//div[@role='listbox']//span[text()='Enabled']'.</msg>
<arg>xpath=//div[@role='listbox']//span[text()='${status}']</arg>
<doc>Click the element identified by ``locator``.</doc>
<status status="PASS" start="2025-04-15T16:17:13.729368" elapsed="0.125926"/>
</kw>
<arg>${username1}</arg>
<arg>${role}</arg>
<arg>${status}</arg>
<status status="PASS" start="2025-04-15T16:17:12.683198" elapsed="1.172288"/>
</kw>
<kw name="When Cliquer sur le bouton Search">
<kw name="Click Element" owner="SeleniumLibrary">
<msg time="2025-04-15T16:17:13.856845" level="INFO">Clicking element 'xpath=//button[@type='submit']'.</msg>
<arg>xpath=//button[@type='submit']</arg>
<doc>Click the element identified by ``locator``.</doc>
<status status="PASS" start="2025-04-15T16:17:13.856562" elapsed="0.122930"/>
</kw>
<status status="PASS" start="2025-04-15T16:17:13.856092" elapsed="0.123609"/>
</kw>
<kw name="And Cliquer sur le bouton de suppression de l'utilisateur">
<kw name="Click Element" owner="SeleniumLibrary">
<msg time="2025-04-15T16:17:13.981083" level="INFO">Clicking element 'xpath=//i[@class="oxd-icon bi-trash"]'.</msg>
<msg time="2025-04-15T16:17:19.329778" level="INFO" html="true">&lt;/td&gt;&lt;/tr&gt;&lt;tr&gt;&lt;td colspan="3"&gt;&lt;a href="selenium-screenshot-4.png"&gt;&lt;img src="selenium-screenshot-4.png" width="800px"&gt;&lt;/a&gt;</msg>
<msg time="2025-04-15T16:17:19.330192" level="FAIL">Element with locator 'xpath=//i[@class="oxd-icon bi-trash"]' not found.</msg>
<arg>xpath=//i[@class="oxd-icon bi-trash"]</arg>
<doc>Click the element identified by ``locator``.</doc>
<status status="FAIL" start="2025-04-15T16:17:13.980781" elapsed="5.353140">Element with locator 'xpath=//i[@class="oxd-icon bi-trash"]' not found.</status>
</kw>
<kw name="Click Element" owner="SeleniumLibrary">
<arg>xpath=//button[@class="oxd-button oxd-button--medium oxd-button--label-danger orangehrm-button-margin"]</arg>
<doc>Click the element identified by ``locator``.</doc>
<status status="NOT RUN" start="2025-04-15T16:17:19.334690" elapsed="0.000194"/>
</kw>
<status status="FAIL" start="2025-04-15T16:17:13.980309" elapsed="5.355187">Element with locator 'xpath=//i[@class="oxd-icon bi-trash"]' not found.</status>
</kw>
<kw name="Fermer Orange_HRM" type="TEARDOWN">
<kw name="Sleep" owner="BuiltIn">
<msg time="2025-04-15T16:17:22.340232" level="INFO">Slept 3 seconds.</msg>
<arg>3</arg>
<doc>Pauses the test executed for the given time.</doc>
<status status="PASS" start="2025-04-15T16:17:19.339509" elapsed="3.000944"/>
</kw>
<kw name="Close Browser" owner="SeleniumLibrary">
<doc>Closes the current browser.</doc>
<status status="PASS" start="2025-04-15T16:17:22.340829" elapsed="2.300446"/>
</kw>
<doc>Fermeture du navigateur
On laisse un peu de temps pour visualiser l'écran final</doc>
<status status="PASS" start="2025-04-15T16:17:19.337082" elapsed="5.304558"/>
</kw>
<tag>tnr</tag>
<status status="FAIL" start="2025-04-15T16:17:03.882040" elapsed="20.760172">Element with locator 'xpath=//i[@class="oxd-icon bi-trash"]' not found.</status>
</test>
<status status="FAIL" start="2025-04-15T16:15:55.302315" elapsed="89.342676"/>
</suite>
<status status="FAIL" start="2025-04-15T16:15:55.189439" elapsed="89.458587"/>
</suite>
<statistics>
<total>
<stat pass="0" fail="4" skip="0">All Tests</stat>
</total>
<tag>
<stat pass="0" fail="4" skip="0">tnr</stat>
</tag>
<suite>
<stat name="Tests" id="s1" pass="0" fail="4" skip="0">Tests</stat>
<stat name="TESTS USERS" id="s1-s1" pass="0" fail="4" skip="0">Tests.TESTS USERS</stat>
</suite>
</statistics>
<errors>
</errors>
</robot>
